mindskin_s01_2023-03-22T23-58-56[+0000]	/Users/ellajadealex/Desktop/Mind_Skin_Dissertation/Dreem/data/raw/MS01/Visit_1/DREEM_MS01_20230322_2358_20230323_0002_red/edf/mindskin_s01_2023-03-22T23-58-56[+0000].edf	.
mindskin_s01_2023-03-23T01-29-19[+0000]	/Users/ellajadealex/Desktop/Mind_Skin_Dissertation/Dreem/data/raw/MS01/Visit_1/DREEM_MS01_20230323_0129_0303/edf/mindskin_s01_2023-03-23T01-29-19[+0000].edf	.
mindskin_s01_2023-03-23T05-21-12[+0000]	/Users/ellajadealex/Desktop/Mind_Skin_Dissertation/Dreem/data/raw/MS01/Visit_1/DREEM_MS01_20230323_0521_0816/edf/mindskin_s01_2023-03-23T05-21-12[+0000].edf	.
mindskin_s01_2023-03-24T00-57-00[+0000]	/Users/ellajadealex/Desktop/Mind_Skin_Dissertation/Dreem/data/raw/MS01/Visit_1/DREEM_MS01_20230324_0057_0226/edf/mindskin_s01_2023-03-24T00-57-00[+0000].edf	.
mindskin_s01_2023-03-24T05-35-26[+0000]	/Users/ellajadealex/Desktop/Mind_Skin_Dissertation/Dreem/data/raw/MS01/Visit_1/DREEM_MS01_20230324_0535_1112/edf/mindskin_s01_2023-03-24T05-35-26[+0000].edf	.
mindskin_s01_2023-03-25T07-50-21[+0000]	/Users/ellajadealex/Desktop/Mind_Skin_Dissertation/Dreem/data/raw/MS01/Visit_1/DREEM_MS01_20230325_0750_1502/edf/mindskin_s01_2023-03-25T07-50-21[+0000].edf	.
mindskin_s01_2023-03-27T02-34-18[+0100]	/Users/ellajadealex/Desktop/Mind_Skin_Dissertation/Dreem/data/raw/MS01/Visit_1/DREEM_MS01_20230327_0234_0414/edf/mindskin_s01_2023-03-27T02-34-18[+0100].edf	.
mindskin_s01_2023-03-27T06-22-25[+0100]	/Users/ellajadealex/Desktop/Mind_Skin_Dissertation/Dreem/data/raw/MS01/Visit_1/DREEM_MS01_20230327_0622_1406/edf/mindskin_s01_2023-03-27T06-22-25[+0100].edf	.
mindskin_s01_2023-05-07T04-06-19[+0100]	/Users/ellajadealex/Desktop/Mind_Skin_Dissertation/Dreem/data/raw/MS01/Visit_1/DREEM_MS01_20230507_0406_0913_red/edf/mindskin_s01_2023-05-07T04-06-19[+0100].edf	.
mindskin_s01_2023-05-09T03-46-22[+0100]	/Users/ellajadealex/Desktop/Mind_Skin_Dissertation/Dreem/data/raw/MS01/Visit_1/DREEM_MS01_20230509_0346_1044/edf/mindskin_s01_2023-05-09T03-46-22[+0100].edf	.
mindskin_s01_2023-05-10T03-40-25[+0100]	/Users/ellajadealex/Desktop/Mind_Skin_Dissertation/Dreem/data/raw/MS01/Visit_1/DREEM_MS01_20230510_0340_1052/edf/mindskin_s01_2023-05-10T03-40-25[+0100].edf	.
mindskin_s01_2023-05-11T04-32-01[+0100]	/Users/ellajadealex/Desktop/Mind_Skin_Dissertation/Dreem/data/raw/MS01/Visit_1/DREEM_MS01_20230511_0432_1153_red/edf/mindskin_s01_2023-05-11T04-32-01[+0100].edf	.
mindskin_s01_2023-05-12T04-38-31[+0100]	/Users/ellajadealex/Desktop/Mind_Skin_Dissertation/Dreem/data/raw/MS01/Visit_1/DREEM_MS01_20230512_0438_1153_red/edf/mindskin_s01_2023-05-12T04-38-31[+0100].edf	.
mindskin_s01_2023-05-13T02-41-04[+0100]	/Users/ellajadealex/Desktop/Mind_Skin_Dissertation/Dreem/data/raw/MS01/Visit_1/DREEM_MS01_20230513_0241_0621/edf/mindskin_s01_2023-05-13T02-41-04[+0100].edf	.
mindskin_s01_2023-05-14T04-31-16[+0100]	/Users/ellajadealex/Desktop/Mind_Skin_Dissertation/Dreem/data/raw/MS01/Visit_1/DREEM_MS01_20230514_0431_1246/edf/mindskin_s01_2023-05-14T04-31-16[+0100].edf	.
mindskin_s01_2023-05-15T02-56-32[+0100]	/Users/ellajadealex/Desktop/Mind_Skin_Dissertation/Dreem/data/raw/MS01/Visit_1/DREEM_MS01_20230515_0256_0849/edf/mindskin_s01_2023-05-15T02-56-32[+0100].edf	.
mindskin_s01_2023-05-16T02-05-23[+0100]	/Users/ellajadealex/Desktop/Mind_Skin_Dissertation/Dreem/data/raw/MS01/Visit_1/DREEM_MS01_20230516_0205_0817/edf/mindskin_s01_2023-05-16T02-05-23[+0100].edf	.
mindskin_s01_2023-05-17T04-22-07[+0100]	/Users/ellajadealex/Desktop/Mind_Skin_Dissertation/Dreem/data/raw/MS01/Visit_1/DREEM_MS01_20230517_0422_0928/edf/mindskin_s01_2023-05-17T04-22-07[+0100].edf	.
mindskin_s01_2023-05-18T05-21-30[+0100]	/Users/ellajadealex/Desktop/Mind_Skin_Dissertation/Dreem/data/raw/MS01/Visit_1/DREEM_MS01_20230518_0521_0812/edf/mindskin_s01_2023-05-18T05-21-30[+0100].edf	.
mindskin_s02_2023-05-27T02-51-49[+0100]	/Users/ellajadealex/Desktop/Mind_Skin_Dissertation/Dreem/data/raw/MS02/Visit_1/DREEM_MS02_20230527_0251_0936_red/edf/mindskin_s02_2023-05-27T02-51-49[+0100].edf	.
mindskin_s02_2023-05-28T02-57-31[+0100]	/Users/ellajadealex/Desktop/Mind_Skin_Dissertation/Dreem/data/raw/MS02/Visit_1/DREEM_MS02_20230528_0257_0720/edf/mindskin_s02_2023-05-28T02-57-31[+0100].edf	.
mindskin_s02_2023-06-03T02-46-14[+0100]	/Users/ellajadealex/Desktop/Mind_Skin_Dissertation/Dreem/data/raw/MS02/Visit_1/DREEM_MS02_20230603_0246_0836_red/edf/mindskin_s02_2023-06-03T02-46-14[+0100].edf	.
mindskin_s03_2023-05-16T21-24-40[+0100]	/Users/ellajadealex/Desktop/Mind_Skin_Dissertation/Dreem/data/raw/MS03/Visit_1/DREEM_MS03_20230516_2124_2131_red/edf/mindskin_s03_2023-05-16T21-24-40[+0100].edf	.
mindskin_s03_2023-05-16T21-32-44[+0100]	/Users/ellajadealex/Desktop/Mind_Skin_Dissertation/Dreem/data/raw/MS03/Visit_1/DREEM_MS03_20230516_2132_20230517_0224_red/edf/mindskin_s03_2023-05-16T21-32-44[+0100].edf	.
mindskin_s03_2023-05-17T02-30-24[+0100]	/Users/ellajadealex/Desktop/Mind_Skin_Dissertation/Dreem/data/raw/MS03/Visit_1/DREEM_MS03_20230517_0230_0233_red/edf/mindskin_s03_2023-05-17T02-30-24[+0100].edf	.
mindskin_s03_2023-05-17T02-33-29[+0100]	/Users/ellajadealex/Desktop/Mind_Skin_Dissertation/Dreem/data/raw/MS03/Visit_1/DREEM_MS03_20230517_0233_0500/edf/mindskin_s03_2023-05-17T02-33-29[+0100].edf	.
mindskin_s03_2023-05-17T22-45-39[+0100]	/Users/ellajadealex/Desktop/Mind_Skin_Dissertation/Dreem/data/raw/MS03/Visit_1/DREEM_MS03_20230517_2245_20230518_0630_red/edf/mindskin_s03_2023-05-17T22-45-39[+0100].edf	.
mindskin_s03_2023-05-18T23-08-43[+0100]	/Users/ellajadealex/Desktop/Mind_Skin_Dissertation/Dreem/data/raw/MS03/Visit_1/DREEM_MS03_20230518_2308_20230519_0502_red/edf/mindskin_s03_2023-05-18T23-08-43[+0100].edf	.
mindskin_s03_2023-05-21T00-28-10[+0100]	/Users/ellajadealex/Desktop/Mind_Skin_Dissertation/Dreem/data/raw/MS03/Visit_1/DREEM_MS03_20230521_0028_0035_red/edf/mindskin_s03_2023-05-21T00-28-10[+0100].edf	.
mindskin_s03_2023-05-21T01-35-31[+0100]	/Users/ellajadealex/Desktop/Mind_Skin_Dissertation/Dreem/data/raw/MS03/Visit_1/DREEM_MS03_20230521_0135_0852_red/edf/mindskin_s03_2023-05-21T01-35-31[+0100].edf	.
mindskin_s03_2023-05-22T02-05-33[+0100]	/Users/ellajadealex/Desktop/Mind_Skin_Dissertation/Dreem/data/raw/MS03/Visit_1/DREEM_MS03_20230522_0205_0630_red/edf/mindskin_s03_2023-05-22T02-05-33[+0100].edf	.
mindskin_s03_2023-05-24T05-21-01[+0100]	/Users/ellajadealex/Desktop/Mind_Skin_Dissertation/Dreem/data/raw/MS03/Visit_1/DREEM_MS03_20230524_0521_0625_red/edf/mindskin_s03_2023-05-24T05-21-01[+0100].edf	.
mindskin_s03_2023-05-24T23-37-08[+0100]	/Users/ellajadealex/Desktop/Mind_Skin_Dissertation/Dreem/data/raw/MS03/Visit_1/DREEM_MS03_20230524_2337_20230525_0637_red/edf/mindskin_s03_2023-05-24T23-37-08[+0100].edf	.
mindskin_s03_2023-05-25T23-10-36[+0100]	/Users/ellajadealex/Desktop/Mind_Skin_Dissertation/Dreem/data/raw/MS03/Visit_1/DREEM_MS03_20230525_2310_20230526_0431_red/edf/mindskin_s03_2023-05-25T23-10-36[+0100].edf	.
mindskin_s03_2023-06-05T00-18-56[+0100]	/Users/ellajadealex/Desktop/Mind_Skin_Dissertation/Dreem/data/raw/MS03/Visit_1/DREEM_MS03_20230605_0018_1025_red/edf/mindskin_s03_2023-06-05T00-18-56[+0100].edf	.
mindskin_s04_2023-05-30T17-26-00[+0100]	/Users/ellajadealex/Desktop/Mind_Skin_Dissertation/Dreem/data/raw/MS04/Visit_1/DREEM_MS04_20230530_1726_1727_red/edf/mindskin_s04_2023-05-30T17-26-00[+0100].edf	.
mindskin_s04_2023-05-31T23-46-46[+0100]	/Users/ellajadealex/Desktop/Mind_Skin_Dissertation/Dreem/data/raw/MS04/Visit_1/DREEM_MS04_20230531_2346_20230601_1414_red/edf/mindskin_s04_2023-05-31T23-46-46[+0100].edf	.
mindskin_s04_2023-06-02T00-03-21[+0100]	/Users/ellajadealex/Desktop/Mind_Skin_Dissertation/Dreem/data/raw/MS04/Visit_1/DREEM_MS04_20230602_0003_1707_red/edf/mindskin_s04_2023-06-02T00-03-21[+0100].edf	.
mindskin_s04_2023-06-03T01-30-42[+0100]	/Users/ellajadealex/Desktop/Mind_Skin_Dissertation/Dreem/data/raw/MS04/Visit_1/DREEM_MS04_20230603_0130_0613_red/edf/mindskin_s04_2023-06-03T01-30-42[+0100].edf	.
mindskin_s04_2023-06-04T01-37-46[+0100]	/Users/ellajadealex/Desktop/Mind_Skin_Dissertation/Dreem/data/raw/MS04/Visit_1/DREEM_MS04_20230604_0137_0934_red/edf/mindskin_s04_2023-06-04T01-37-46[+0100].edf	.
mindskin_s04_2023-06-05T00-15-11[+0100]	/Users/ellajadealex/Desktop/Mind_Skin_Dissertation/Dreem/data/raw/MS04/Visit_1/DREEM_MS04_20230605_0015_0734_red/edf/mindskin_s04_2023-06-05T00-15-11[+0100].edf	.
mindskin_s04_2023-06-06T00-08-39+0100	/Users/ellajadealex/Desktop/Mind_Skin_Dissertation/Dreem/data/raw/MS04/Visit_1/DREEM_MS04_20230606_0008_0738/edf/mindskin_s04_2023-06-06T00-08-39+0100.edf	.
mindskin_s04_2023-06-06T23-53-03[+0100]	/Users/ellajadealex/Desktop/Mind_Skin_Dissertation/Dreem/data/raw/MS04/Visit_1/DREEM_MS04_20230606_2353_20230607_0727/edf/mindskin_s04_2023-06-06T23-53-03[+0100].edf	.
mindskin_s04_2023-06-08T00-44-34[+0100]	/Users/ellajadealex/Desktop/Mind_Skin_Dissertation/Dreem/data/raw/MS04/Visit_1/DREEM_MS04_20230608_0044_1038_red/edf/mindskin_s04_2023-06-08T00-44-34[+0100].edf	.
mindskin_s04_2023-06-08T23-30-55[+0100]	/Users/ellajadealex/Desktop/Mind_Skin_Dissertation/Dreem/data/raw/MS04/Visit_1/DREEM_MS04_20230608_2330_20230609_0733_red/edf/mindskin_s04_2023-06-08T23-30-55[+0100].edf	.
mindskin_s04_2023-06-10T00-48-11[+0100]	/Users/ellajadealex/Desktop/Mind_Skin_Dissertation/Dreem/data/raw/MS04/Visit_1/DREEM_MS04_20230610_0048_0858_red/edf/mindskin_s04_2023-06-10T00-48-11[+0100].edf	.
mindskin_s04_2023-06-11T00-21-07[+0100]	/Users/ellajadealex/Desktop/Mind_Skin_Dissertation/Dreem/data/raw/MS04/Visit_1/DREEM_MS04_20230611_0021_0930_red/edf/mindskin_s04_2023-06-11T00-21-07[+0100].edf	.
mindskin_s04_2023-07-18T14-54-03[+0100]	/Users/ellajadealex/Desktop/Mind_Skin_Dissertation/Dreem/data/raw/MS04/Visit_1/DREEM_MS04_20230718_1454_1454_red/edf/mindskin_s04_2023-07-18T14-54-03[+0100].edf	.
mindskin_s04_2023-12-13T23-29-35[+0000]	/Users/ellajadealex/Desktop/Mind_Skin_Dissertation/Dreem/data/raw/MS04/Visit_2/DREEM_MS04_20231213_2329_20231214_0618_red/edf/mindskin_s04_2023-12-13T23-29-35[+0000].edf	.
mindskin_s04_2023-12-14T23-15-26[+0000]	/Users/ellajadealex/Desktop/Mind_Skin_Dissertation/Dreem/data/raw/MS04/Visit_2/DREEM_MS04_20231214_2315_202315_0705_red/edf/mindskin_s04_2023-12-14T23-15-26[+0000].edf	.
mindskin_s04_2023-12-15T23-12-21[+0000]	/Users/ellajadealex/Desktop/Mind_Skin_Dissertation/Dreem/data/raw/MS04/Visit_2/DREEM_MS04_20231215_2312_20231216_0841_red/edf/mindskin_s04_2023-12-15T23-12-21[+0000].edf	.
mindskin_s04_2023-12-16T23-34-05[+0000]	/Users/ellajadealex/Desktop/Mind_Skin_Dissertation/Dreem/data/raw/MS04/Visit_2/DREEM_MS04_20231216_2334_20231217_0624_red/edf/mindskin_s04_2023-12-16T23-34-05[+0000].edf	.
mindskin_s04_2023-12-17T22-52-09[+0000]	/Users/ellajadealex/Desktop/Mind_Skin_Dissertation/Dreem/data/raw/MS04/Visit_2/DREEM_MS04_20231217_2252_20231218_0638_red/edf/mindskin_s04_2023-12-17T22-52-09[+0000].edf	.
mindskin_s04_2023-12-19T00-42-57[+0000]	/Users/ellajadealex/Desktop/Mind_Skin_Dissertation/Dreem/data/raw/MS04/Visit_2/DREEM_MS04_20231219_0042_0846_red/edf/mindskin_s04_2023-12-19T00-42-57[+0000].edf	.
mindskin_s04_2023-12-19T23-45-31[+0000]	/Users/ellajadealex/Desktop/Mind_Skin_Dissertation/Dreem/data/raw/MS04/Visit_2/DREEM_MS04_20231219_2345_20231220_0828_red/edf/mindskin_s04_2023-12-19T23-45-31[+0000].edf	.
mindskin_s04_2023-12-20T23-49-00[+0000]	/Users/ellajadealex/Desktop/Mind_Skin_Dissertation/Dreem/data/raw/MS04/Visit_2/DREEM_MS04_20231220_2349_20231221_0911_red/edf/mindskin_s04_2023-12-20T23-49-00[+0000].edf	.
mindskin_s04_2023-12-21T23-54-58[+0000]	/Users/ellajadealex/Desktop/Mind_Skin_Dissertation/Dreem/data/raw/MS04/Visit_2/DREEM_MS04_20231221_2354_20231222_0938_red/edf/mindskin_s04_2023-12-21T23-54-58[+0000].edf	.
mindskin_s05_2023-06-12T14-24-24[+0100]	/Users/ellajadealex/Desktop/Mind_Skin_Dissertation/Dreem/data/raw/MS05/Visit_1/DREEM_MS05_20230612_1424_1425_red/edf/mindskin_s05_2023-06-12T14-24-24[+0100].edf	.
mindskin_s05_2023-06-13T20-46-20[+0100]	/Users/ellajadealex/Desktop/Mind_Skin_Dissertation/Dreem/data/raw/MS05/Visit_1/DREEM_MS05_20230613_2046_20230614_0700/edf/mindskin_s05_2023-06-13T20-46-20[+0100].edf	.
mindskin_s05_2023-06-14T20-33-41[+0100]	/Users/ellajadealex/Desktop/Mind_Skin_Dissertation/Dreem/data/raw/MS05/Visit_1/DREEM_MS05_20230614_2033_20230615_0659_red/edf/mindskin_s05_2023-06-14T20-33-41[+0100].edf	.
mindskin_s05_2023-06-15T21-13-38[+0100]	/Users/ellajadealex/Desktop/Mind_Skin_Dissertation/Dreem/data/raw/MS05/Visit_1/DREEM_MS05_20230615_2113_20230616_0659_red/edf/mindskin_s05_2023-06-15T21-13-38[+0100].edf	.
mindskin_s05_2023-06-16T22-39-49[+0100]	/Users/ellajadealex/Desktop/Mind_Skin_Dissertation/Dreem/data/raw/MS05/Visit_1/DREEM_MS05_20230616_2239_20230617_0702/edf/mindskin_s05_2023-06-16T22-39-49[+0100].edf	.
mindskin_s05_2023-06-17T21-17-28[+0100]	/Users/ellajadealex/Desktop/Mind_Skin_Dissertation/Dreem/data/raw/MS05/Visit_1/DREEM_MS05_20230617_2117_20230618_0641_red/edf/mindskin_s05_2023-06-17T21-17-28[+0100].edf	.
mindskin_s05_2023-06-18T21-35-59[+0100]	/Users/ellajadealex/Desktop/Mind_Skin_Dissertation/Dreem/data/raw/MS05/Visit_1/DREEM_MS05_20230618_2135_20230619_0653_red/edf/mindskin_s05_2023-06-18T21-35-59[+0100].edf	.
mindskin_s05_2023-06-19T20-14-31[+0100]	/Users/ellajadealex/Desktop/Mind_Skin_Dissertation/Dreem/data/raw/MS05/Visit_1/DREEM_MS05_20230619_2014_20230620_0659_red/edf/mindskin_s05_2023-06-19T20-14-31[+0100].edf	.
mindskin_s05_2023-06-20T19-56-13[+0100]	/Users/ellajadealex/Desktop/Mind_Skin_Dissertation/Dreem/data/raw/MS05/Visit_1/DREEM_MS05_20230620_1956_20230621_0648_red/edf/mindskin_s05_2023-06-20T19-56-13[+0100].edf	.
mindskin_s05_2023-06-21T20-29-58[+0100]	/Users/ellajadealex/Desktop/Mind_Skin_Dissertation/Dreem/data/raw/MS05/Visit_1/DREEM_MS05_20230621_2029_20230622_1347_red/edf/mindskin_s05_2023-06-21T20-29-58[+0100].edf	.
mindskin_s05_2023-07-31T16-34-53[+0100]	/Users/ellajadealex/Desktop/Mind_Skin_Dissertation/Dreem/data/raw/MS05/Visit_1/DREEM_MS05_20230731_1634_1656_red/edf/mindskin_s05_2023-07-31T16-34-53[+0100].edf	.
mindskin_s06_2023-08-11T01-22-44[+0100]	/Users/ellajadealex/Desktop/Mind_Skin_Dissertation/Dreem/data/raw/MS06/Visit_1/DREEM_MS06_20230811_0122_0804_red/edf/mindskin_s06_2023-08-11T01-22-44[+0100].edf	.
mindskin_s06_2023-08-11T16-05-56[+0100]	/Users/ellajadealex/Desktop/Mind_Skin_Dissertation/Dreem/data/raw/MS06/Visit_1/DREEM_MS06_20230811_1605_1606_red/edf/mindskin_s06_2023-08-11T16-05-56[+0100].edf	.
mindskin_s06_2023-08-13T03-04-42[+0100]	/Users/ellajadealex/Desktop/Mind_Skin_Dissertation/Dreem/data/raw/MS06/Visit_1/DREEM_MS06_20230813_0304_0611_red/edf/mindskin_s06_2023-08-13T03-04-42[+0100].edf	.
mindskin_s07_2023-09-13T22-29-17[+0100]	/Users/ellajadealex/Desktop/Mind_Skin_Dissertation/Dreem/data/raw/MS07/Visit_1/DREEM_MS07_20230913_2229_20230914_1830_red/edf/mindskin_s07_2023-09-13T22-29-17[+0100].edf	.
mindskin_s07_2023-09-14T23-39-07[+0100]	/Users/ellajadealex/Desktop/Mind_Skin_Dissertation/Dreem/data/raw/MS07/Visit_1/DREEM_MS07_20230914_2339_20230915_0638_red/edf/mindskin_s07_2023-09-14T23-39-07[+0100].edf	.
mindskin_s07_2023-09-16T01-42-26[+0100]	/Users/ellajadealex/Desktop/Mind_Skin_Dissertation/Dreem/data/raw/MS07/Visit_1/DREEM_MS07_20230916_0142_0846_red/edf/mindskin_s07_2023-09-16T01-42-26[+0100].edf	.
mindskin_s07_2023-09-17T02-06-48[+0100]	/Users/ellajadealex/Desktop/Mind_Skin_Dissertation/Dreem/data/raw/MS07/Visit_1/DREEM_MS07_20230917_0206_0821_red/edf/mindskin_s07_2023-09-17T02-06-48[+0100].edf	.
mindskin_s07_2023-09-17T22-35-42[+0100]	/Users/ellajadealex/Desktop/Mind_Skin_Dissertation/Dreem/data/raw/MS07/Visit_1/DREEM_MS07_20230917_2235_20230918_0715_red/edf/mindskin_s07_2023-09-17T22-35-42[+0100].edf	.
mindskin_s07_2023-09-18T22-49-56[+0100]	/Users/ellajadealex/Desktop/Mind_Skin_Dissertation/Dreem/data/raw/MS07/Visit_1/DREEM_MS07_20230918_2249_20230919_2146_red/edf/mindskin_s07_2023-09-18T22-49-56[+0100].edf	.
mindskin_s07_2023-09-20T23-08-59[+0100]	/Users/ellajadealex/Desktop/Mind_Skin_Dissertation/Dreem/data/raw/MS07/Visit_1/DREEM_MS07_20230920_2308_20230921_0637_red/edf/mindskin_s07_2023-09-20T23-08-59[+0100].edf	.
mindskin_s07_2023-09-22T00-31-11[+0100]	/Users/ellajadealex/Desktop/Mind_Skin_Dissertation/Dreem/data/raw/MS07/Visit_1/DREEM_MS07_20230922_0031_0715_red/edf/mindskin_s07_2023-09-22T00-31-11[+0100].edf	.
mindskin_s07_2023-09-23T00-25-39[+0100]	/Users/ellajadealex/Desktop/Mind_Skin_Dissertation/Dreem/data/raw/MS07/Visit_1/DREEM_MS07_20230923_0025_0645_red/edf/mindskin_s07_2023-09-23T00-25-39[+0100].edf	.
mindskin_s07_2023-09-24T00-34-47[+0100]	/Users/ellajadealex/Desktop/Mind_Skin_Dissertation/Dreem/data/raw/MS07/Visit_1/DREEM_MS07_20230924_0034_0801_red/edf/mindskin_s07_2023-09-24T00-34-47[+0100].edf	.
mindskin_s07_2023-09-24T23-18-50[+0100]	/Users/ellajadealex/Desktop/Mind_Skin_Dissertation/Dreem/data/raw/MS07/Visit_1/DREEM_MS07_20230924_2318_20230925_0633_red/edf/mindskin_s07_2023-09-24T23-18-50[+0100].edf	.
mindskin_s08_2023-08-15T16-49-34[+0100]	/Users/ellajadealex/Desktop/Mind_Skin_Dissertation/Dreem/data/raw/MS08/Visit_1/DREEM_MS08_20230815_1649_1649_red/edf/mindskin_s08_2023-08-15T16-49-34[+0100].edf	.
mindskin_s08_2023-08-16T23-13-42[+0100]	/Users/ellajadealex/Desktop/Mind_Skin_Dissertation/Dreem/data/raw/MS08/Visit_1/DREEM_MS08_20230816_2313_20230817_0802/edf/mindskin_s08_2023-08-16T23-13-42[+0100].edf	.
mindskin_s08_2023-08-18T00-07-29[+0100]	/Users/ellajadealex/Desktop/Mind_Skin_Dissertation/Dreem/data/raw/MS08/Visit_1/DREEM_MS08_20230818_0007_0825_red/edf/mindskin_s08_2023-08-18T00-07-29[+0100].edf	.
mindskin_s08_2023-08-18T22-29-37[+0100]	/Users/ellajadealex/Desktop/Mind_Skin_Dissertation/Dreem/data/raw/MS08/Visit_1/DREEM_MS08_20230818_2229_20230819_0818_red/edf/mindskin_s08_2023-08-18T22-29-37[+0100].edf	.
mindskin_s08_2023-08-19T23-25-18[+0100]	/Users/ellajadealex/Desktop/Mind_Skin_Dissertation/Dreem/data/raw/MS08/Visit_1/DREEM_MS08_20230819_2325_20230820_0821_red/edf/mindskin_s08_2023-08-19T23-25-18[+0100].edf	.
mindskin_s08_2023-08-20T22-32-19[+0100]	/Users/ellajadealex/Desktop/Mind_Skin_Dissertation/Dreem/data/raw/MS08/Visit_1/DREEM_MS08_20230820_2232_20230821_0918_red/edf/mindskin_s08_2023-08-20T22-32-19[+0100].edf	.
mindskin_s09_2023-07-13T04-07-52[+0100]	/Users/ellajadealex/Desktop/Mind_Skin_Dissertation/Dreem/data/raw/MS09/Visit_1/DREEM_MS09_20230713_0407_1156_red/edf/mindskin_s09_2023-07-13T04-07-52[+0100].edf	.
mindskin_s09_2023-07-14T03-43-06[+0100]	/Users/ellajadealex/Desktop/Mind_Skin_Dissertation/Dreem/data/raw/MS09/Visit_1/DREEM_MS09_20230714_0343_1322/edf/mindskin_s09_2023-07-14T03-43-06[+0100].edf	.
mindskin_s09_2023-07-16T02-28-46[+0100]	/Users/ellajadealex/Desktop/Mind_Skin_Dissertation/Dreem/data/raw/MS09/Visit_1/DREEM_MS09_20230716_0228_1144_red/edf/mindskin_s09_2023-07-16T02-28-46[+0100].edf	.
mindskin_s09_2023-07-17T01-44-25[+0100]	/Users/ellajadealex/Desktop/Mind_Skin_Dissertation/Dreem/data/raw/MS09/Visit_1/DREEM_MS09_20230717_0144_1306_red/edf/mindskin_s09_2023-07-17T01-44-25[+0100].edf	.
mindskin_s09_2023-07-18T02-39-12[+0100]	/Users/ellajadealex/Desktop/Mind_Skin_Dissertation/Dreem/data/raw/MS09/Visit_1/DREEM_MS09_20230718_0239_1202/edf/mindskin_s09_2023-07-18T02-39-12[+0100].edf	.
mindskin_s09_2023-07-19T02-58-12[+0100]	/Users/ellajadealex/Desktop/Mind_Skin_Dissertation/Dreem/data/raw/MS09/Visit_1/DREEM_MS09_20230719_0258_1055/edf/mindskin_s09_2023-07-19T02-58-12[+0100].edf	.
mindskin_s09_2023-07-20T03-09-13[+0100]	/Users/ellajadealex/Desktop/Mind_Skin_Dissertation/Dreem/data/raw/MS09/Visit_1/DREEM_MS09_20230720_0309_1137/edf/mindskin_s09_2023-07-20T03-09-13[+0100].edf	.
mindskin_s09_2023-07-21T01-49-19[+0100]	/Users/ellajadealex/Desktop/Mind_Skin_Dissertation/Dreem/data/raw/MS09/Visit_1/DREEM_MS09_20230721_0149_1220/edf/mindskin_s09_2023-07-21T01-49-19[+0100].edf	.
mindskin_s09_2023-07-22T02-37-48[+0100]	/Users/ellajadealex/Desktop/Mind_Skin_Dissertation/Dreem/data/raw/MS09/Visit_1/DREEM_MS09_20230722_0237_1119/edf/mindskin_s09_2023-07-22T02-37-48[+0100].edf	.
mindskin_s09_2023-07-23T03-19-18[+0100]	/Users/ellajadealex/Desktop/Mind_Skin_Dissertation/Dreem/data/raw/MS09/Visit_1/DREEM_MS09_20230723_0319_1314/edf/mindskin_s09_2023-07-23T03-19-18[+0100].edf	.
mindskin_s09_2023-07-24T02-45-20[+0100]	/Users/ellajadealex/Desktop/Mind_Skin_Dissertation/Dreem/data/raw/MS09/Visit_1/DREEM_MS09_20230724_0245_1431/edf/mindskin_s09_2023-07-24T02-45-20[+0100].edf	.
mindskin_s09_2023-07-25T02-06-30[+0100]	/Users/ellajadealex/Desktop/Mind_Skin_Dissertation/Dreem/data/raw/MS09/Visit_1/DREEM_MS09_20230725_0206_0838_red/edf/mindskin_s09_2023-07-25T02-06-30[+0100].edf	.
mindskin_s10_2023-07-27T01-04-32[+0200]	/Users/ellajadealex/Desktop/Mind_Skin_Dissertation/Dreem/data/raw/MS10/Visit_1/DREEM_MS10_20230727_0104_1002/edf/mindskin_s10_2023-07-27T01-04-32[+0200].edf	.
mindskin_s10_2023-07-27T21-58-56[+0200]	/Users/ellajadealex/Desktop/Mind_Skin_Dissertation/Dreem/data/raw/MS10/Visit_1/DREEM_MS10_20230727_2158_20230728_0930/edf/mindskin_s10_2023-07-27T21-58-56[+0200].edf	.
mindskin_s10_2023-07-28T22-45-46[+0200]	/Users/ellajadealex/Desktop/Mind_Skin_Dissertation/Dreem/data/raw/MS10/Visit_1/DREEM_MS10_20230728_2245_20230729_0858/edf/mindskin_s10_2023-07-28T22-45-46[+0200].edf	.
mindskin_s10_2023-07-29T22-49-32[+0200]	/Users/ellajadealex/Desktop/Mind_Skin_Dissertation/Dreem/data/raw/MS10/Visit_1/DREEM_MS10_20230729_2249_20230730_0755/edf/mindskin_s10_2023-07-29T22-49-32[+0200].edf	.
mindskin_s10_2023-07-30T22-50-44[+0100]	/Users/ellajadealex/Desktop/Mind_Skin_Dissertation/Dreem/data/raw/MS10/Visit_1/DREEM_MS10_20230730_2250_20230731_0838/edf/mindskin_s10_2023-07-30T22-50-44[+0100].edf	.
mindskin_s10_2023-08-01T00-35-53[+0100]	/Users/ellajadealex/Desktop/Mind_Skin_Dissertation/Dreem/data/raw/MS10/Visit_1/DREEM_MS10_20230801_0035_1026_red/edf/mindskin_s10_2023-08-01T00-35-53[+0100].edf	.
mindskin_s10_2023-08-02T00-11-26[+0100]	/Users/ellajadealex/Desktop/Mind_Skin_Dissertation/Dreem/data/raw/MS10/Visit_1/DREEM_MS10_20230802_0011_0949/edf/mindskin_s10_2023-08-02T00-11-26[+0100].edf	.
mindskin_s10_2023-08-03T00-20-23[+0100]	/Users/ellajadealex/Desktop/Mind_Skin_Dissertation/Dreem/data/raw/MS10/Visit_1/DREEM_MS10_20230803_0020_0831_red/edf/mindskin_s10_2023-08-03T00-20-23[+0100].edf	.
mindskin_s10_2023-08-04T01-53-36[+0100]	/Users/ellajadealex/Desktop/Mind_Skin_Dissertation/Dreem/data/raw/MS10/Visit_1/DREEM_MS10_20230804_0153_0828/edf/mindskin_s10_2023-08-04T01-53-36[+0100].edf	.
mindskin_s10_2023-08-08T17-28-21[+0100]	/Users/ellajadealex/Desktop/Mind_Skin_Dissertation/Dreem/data/raw/MS10/Visit_1/DREEM_MS10_20230808_1728_1728_red/edf/mindskin_s10_2023-08-08T17-28-21[+0100].edf	.
mindskin_s12_2023-07-20T21-29-42[+0100]	/Users/ellajadealex/Desktop/Mind_Skin_Dissertation/Dreem/data/raw/MS12/Visit_1/DREEM_MS12_20230720_2129_20230721_0606_red/edf/mindskin_s12_2023-07-20T21-29-42[+0100].edf	.
mindskin_s12_2023-07-21T22-47-04[+0100]	/Users/ellajadealex/Desktop/Mind_Skin_Dissertation/Dreem/data/raw/MS12/Visit_1/DREEM_MS12_20230721_2247_20230722_0823_red/edf/mindskin_s12_2023-07-21T22-47-04[+0100].edf	.
mindskin_s12_2023-07-22T22-15-15[+0100]	/Users/ellajadealex/Desktop/Mind_Skin_Dissertation/Dreem/data/raw/MS12/Visit_1/DREEM_MS12_20230722_2215_20230723_0802_red/edf/mindskin_s12_2023-07-22T22-15-15[+0100].edf	.
mindskin_s12_2023-07-23T22-40-34[+0100]	/Users/ellajadealex/Desktop/Mind_Skin_Dissertation/Dreem/data/raw/MS12/Visit_1/DREEM_MS12_20230723_2240_2241_red/edf/mindskin_s12_2023-07-23T22-40-34[+0100].edf	.
mindskin_s12_2023-07-23T22-43-54[+0100]	/Users/ellajadealex/Desktop/Mind_Skin_Dissertation/Dreem/data/raw/MS12/Visit_1/DREEM_MS12_20230723_2243_20230724_0832_red/edf/mindskin_s12_2023-07-23T22-43-54[+0100].edf	.
mindskin_s12_2023-07-24T23-03-23[+0100]	/Users/ellajadealex/Desktop/Mind_Skin_Dissertation/Dreem/data/raw/MS12/Visit_1/DREEM_MS12_20230724_2303_20230725_0834_red/edf/mindskin_s12_2023-07-24T23-03-23[+0100].edf	.
mindskin_s12_2023-07-25T22-10-43[+0100]	/Users/ellajadealex/Desktop/Mind_Skin_Dissertation/Dreem/data/raw/MS12/Visit_1/DREEM_MS12_20230725_2210_20230726_0903_red/edf/mindskin_s12_2023-07-25T22-10-43[+0100].edf	.
mindskin_s12_2023-07-26T22-53-42[+0100]	/Users/ellajadealex/Desktop/Mind_Skin_Dissertation/Dreem/data/raw/MS12/Visit_1/DREEM_MS12_20230726_2253_20230727_0955_red/edf/mindskin_s12_2023-07-26T22-53-42[+0100].edf	.
mindskin_s12_2023-07-27T23-38-12[+0100]	/Users/ellajadealex/Desktop/Mind_Skin_Dissertation/Dreem/data/raw/MS12/Visit_1/DREEM_MS12_20230727_2338_20230728_0944_red/edf/mindskin_s12_2023-07-27T23-38-12[+0100].edf	.
mindskin_s12_2023-07-28T22-45-33[+0100]	/Users/ellajadealex/Desktop/Mind_Skin_Dissertation/Dreem/data/raw/MS12/Visit_1/DREEM_MS12_20230728_2245_20230729_0848_red/edf/mindskin_s12_2023-07-28T22-45-33[+0100].edf	.
mindskin_s14_2023-08-02T00-51-57[+0100]	/Users/ellajadealex/Desktop/Mind_Skin_Dissertation/Dreem/data/raw/MS14/Visit_1/DREEM_MS14_20230802_0051_0055_red/edf/mindskin_s14_2023-08-02T00-51-57[+0100].edf	.
mindskin_s14_2023-08-02T00-57-07[+0100]	/Users/ellajadealex/Desktop/Mind_Skin_Dissertation/Dreem/data/raw/MS14/Visit_1/DREEM_MS14_20230802_0057_1134/edf/mindskin_s14_2023-08-02T00-57-07[+0100].edf	.
mindskin_s14_2023-08-03T01-44-12[+0100]	/Users/ellajadealex/Desktop/Mind_Skin_Dissertation/Dreem/data/raw/MS14/Visit_1/DREEM_MS14_20230803_0144_1213_red/edf/mindskin_s14_2023-08-03T01-44-12[+0100].edf	.
mindskin_s14_2023-08-04T01-34-58[+0100]	/Users/ellajadealex/Desktop/Mind_Skin_Dissertation/Dreem/data/raw/MS14/Visit_1/DREEM_MS14_20230804_0134_0851_red/edf/mindskin_s14_2023-08-04T01-34-58[+0100].edf	.
mindskin_s14_2023-08-05T02-09-40[+0100]	/Users/ellajadealex/Desktop/Mind_Skin_Dissertation/Dreem/data/raw/MS14/Visit_1/DREEM_MS14_20230805_0209_1207_red/edf/mindskin_s14_2023-08-05T02-09-40[+0100].edf	.
mindskin_s14_2023-08-05T23-06-32[+0100]	/Users/ellajadealex/Desktop/Mind_Skin_Dissertation/Dreem/data/raw/MS14/Visit_1/DREEM_MS14_20230805_2306_20230806_1016/edf/mindskin_s14_2023-08-05T23-06-32[+0100].edf	.
mindskin_s14_2023-08-07T01-26-34[+0100]	/Users/ellajadealex/Desktop/Mind_Skin_Dissertation/Dreem/data/raw/MS14/Visit_1/DREEM_MS14_20230807_0126_1101_red/edf/mindskin_s14_2023-08-07T01-26-34[+0100].edf	.
mindskin_s14_2023-08-08T02-56-17[+0100]	/Users/ellajadealex/Desktop/Mind_Skin_Dissertation/Dreem/data/raw/MS14/Visit_1/DREEM_MS14_20230808_0256_1130_red/edf/mindskin_s14_2023-08-08T02-56-17[+0100].edf	.
mindskin_s14_2023-08-09T02-36-56[+0100]	/Users/ellajadealex/Desktop/Mind_Skin_Dissertation/Dreem/data/raw/MS14/Visit_1/DREEM_MS14_20230809_0236_1029_red/edf/mindskin_s14_2023-08-09T02-36-56[+0100].edf	.
mindskin_s14_2023-08-10T04-03-41[+0100]	/Users/ellajadealex/Desktop/Mind_Skin_Dissertation/Dreem/data/raw/MS14/Visit_1/DREEM_MS14_20230810_0403_1030_red/edf/mindskin_s14_2023-08-10T04-03-41[+0100].edf	.
mindskin_s14_2023-08-11T03-20-03[+0100]	/Users/ellajadealex/Desktop/Mind_Skin_Dissertation/Dreem/data/raw/MS14/Visit_1/DREEM_MS14_20230811_0320_0714_red/edf/mindskin_s14_2023-08-11T03-20-03[+0100].edf	.
mindskin_s14_2023-08-12T03-13-36[+0100]	/Users/ellajadealex/Desktop/Mind_Skin_Dissertation/Dreem/data/raw/MS14/Visit_1/DREEM_MS14_20230812_0313_1049_red/edf/mindskin_s14_2023-08-12T03-13-36[+0100].edf	.
mindskin_s14_2023-08-13T03-22-18[+0100]	/Users/ellajadealex/Desktop/Mind_Skin_Dissertation/Dreem/data/raw/MS14/Visit_1/DREEM_MS14_20230813_0322_1246_red/edf/mindskin_s14_2023-08-13T03-22-18[+0100].edf	.
mindskin_s14_2023-08-14T01-55-30[+0100]	/Users/ellajadealex/Desktop/Mind_Skin_Dissertation/Dreem/data/raw/MS14/Visit_1/DREEM_MS14_20230814_0155_1059_red/edf/mindskin_s14_2023-08-14T01-55-30[+0100].edf	.
mindskin_s16_2023-10-27T03-24-12[+0100]	/Users/ellajadealex/Desktop/Mind_Skin_Dissertation/Dreem/data/raw/MS16/Visit_1/DREEM_MS16_20231027_0324_0324_red/edf/mindskin_s16_2023-10-27T03-24-12[+0100].edf	.
mindskin_s16_2023-10-27T03-25-46[+0100]	/Users/ellajadealex/Desktop/Mind_Skin_Dissertation/Dreem/data/raw/MS16/Visit_1/DREEM_MS16_20231027_0325_0835/edf/mindskin_s16_2023-10-27T03-25-46[+0100].edf	.
mindskin_s16_2023-10-28T21-46-55[+0100]	/Users/ellajadealex/Desktop/Mind_Skin_Dissertation/Dreem/data/raw/MS16/Visit_1/DREEM_MS16_20231028_2146_20231029_0738_red/edf/mindskin_s16_2023-10-28T21-46-55[+0100].edf	.
mindskin_s16_2023-10-29T21-58-54[+0000]	/Users/ellajadealex/Desktop/Mind_Skin_Dissertation/Dreem/data/raw/MS16/Visit_1/DREEM_MS16_20231029_2158_20231030_0540_red/edf/mindskin_s16_2023-10-29T21-58-54[+0000].edf	.
mindskin_s16_2023-10-30T21-39-25[+0000]	/Users/ellajadealex/Desktop/Mind_Skin_Dissertation/Dreem/data/raw/MS16/Visit_1/DREEM_MS16_20231030_2139_20231031_0345/edf/mindskin_s16_2023-10-30T21-39-25[+0000].edf	.
mindskin_s16_2023-10-31T21-21-49[+0000]	/Users/ellajadealex/Desktop/Mind_Skin_Dissertation/Dreem/data/raw/MS16/Visit_1/DREEM_MS16_20231031_2121_20231101_0732/edf/mindskin_s16_2023-10-31T21-21-49[+0000].edf	.
mindskin_s16_2023-11-01T21-33-32[+0000]	/Users/ellajadealex/Desktop/Mind_Skin_Dissertation/Dreem/data/raw/MS16/Visit_1/DREEM_MS16_20231101_2133_20231102_0541_red/edf/mindskin_s16_2023-11-01T21-33-32[+0000].edf	.
mindskin_s16_2023-11-02T21-19-51[+0000]	/Users/ellajadealex/Desktop/Mind_Skin_Dissertation/Dreem/data/raw/MS16/Visit_1/DREEM_MS16_20231102_2119_20231103_0541_red/edf/mindskin_s16_2023-11-02T21-19-51[+0000].edf	.
mindskin_s16_2023-11-03T23-02-24[+0000]	/Users/ellajadealex/Desktop/Mind_Skin_Dissertation/Dreem/data/raw/MS16/Visit_1/DREEM_MS16_20231103_2302_20231104_0636_red/edf/mindskin_s16_2023-11-03T23-02-24[+0000].edf	.
mindskin_s16_2023-11-04T23-50-27[+0000]	/Users/ellajadealex/Desktop/Mind_Skin_Dissertation/Dreem/data/raw/MS16/Visit_1/DREEM_MS16_20231104_2350_20231105_0700/edf/mindskin_s16_2023-11-04T23-50-27[+0000].edf	.
mindskin_s18_2023-09-02T01-36-33[+0100]	/Users/ellajadealex/Desktop/Mind_Skin_Dissertation/Dreem/data/raw/MS18/Visit_1/DREEM_MS18_20230902_0136_0907_red/edf/mindskin_s18_2023-09-02T01-36-33[+0100].edf	.
mindskin_s18_2023-09-03T00-25-18[+0100]	/Users/ellajadealex/Desktop/Mind_Skin_Dissertation/Dreem/data/raw/MS18/Visit_1/DREEM_MS18_20230903_0025_0941_red/edf/mindskin_s18_2023-09-03T00-25-18[+0100].edf	.
mindskin_s18_2023-09-03T23-56-21[+0100]	/Users/ellajadealex/Desktop/Mind_Skin_Dissertation/Dreem/data/raw/MS18/Visit_1/DREEM_MS18_20230903_2356_20230905_0110_red/edf/mindskin_s18_2023-09-03T23-56-21[+0100].edf	.
mindskin_s18_2023-09-05T01-10-48[+0100]	/Users/ellajadealex/Desktop/Mind_Skin_Dissertation/Dreem/data/raw/MS18/Visit_1/DREEM_MS18_20230905_0110_0118_red/edf/mindskin_s18_2023-09-05T01-10-48[+0100].edf	.
mindskin_s18_2023-09-05T01-18-52[+0100]	/Users/ellajadealex/Desktop/Mind_Skin_Dissertation/Dreem/data/raw/MS18/Visit_1/DREEM_MS18_20230905_0118_0951_red/edf/mindskin_s18_2023-09-05T01-18-52[+0100].edf	.
mindskin_s18_2023-09-06T00-16-02[+0100]	/Users/ellajadealex/Desktop/Mind_Skin_Dissertation/Dreem/data/raw/MS18/Visit_1/DREEM_MS18_20230906_0016_0715_red/edf/mindskin_s18_2023-09-06T00-16-02[+0100].edf	.
mindskin_s18_2023-09-06T23-13-40[+0100]	/Users/ellajadealex/Desktop/Mind_Skin_Dissertation/Dreem/data/raw/MS18/Visit_1/DREEM_MS18_20230906_2313_20230907_0715/edf/mindskin_s18_2023-09-06T23-13-40[+0100].edf	.
mindskin_s19_2023-09-26T17-41-41[+0100]	/Users/ellajadealex/Desktop/Mind_Skin_Dissertation/Dreem/data/raw/MS19/Visit_1/DREEM_MS19_20230926_1741_1742_red/edf/mindskin_s19_2023-09-26T17-41-41[+0100].edf	.
mindskin_s19_2023-09-27T22-02-14[+0100]	/Users/ellajadealex/Desktop/Mind_Skin_Dissertation/Dreem/data/raw/MS19/Visit_1/DREEM_MS19_20230927_2202_20230928_0706_red/edf/mindskin_s19_2023-09-27T22-02-14[+0100].edf	.
mindskin_s19_2023-09-28T22-21-28[+0100]	/Users/ellajadealex/Desktop/Mind_Skin_Dissertation/Dreem/data/raw/MS19/Visit_1/DREEM_MS19_20230928_2221_20230929_0655/edf/mindskin_s19_2023-09-28T22-21-28[+0100].edf	.
mindskin_s19_2023-09-30T06-15-32[+0100]	/Users/ellajadealex/Desktop/Mind_Skin_Dissertation/Dreem/data/raw/MS19/Visit_1/DREEM_MS19_20230930_0615_1021_red/edf/mindskin_s19_2023-09-30T06-15-32[+0100].edf	.
mindskin_s19_2023-09-30T23-10-12[+0100]	/Users/ellajadealex/Desktop/Mind_Skin_Dissertation/Dreem/data/raw/MS19/Visit_1/DREEM_MS19_20230930_2310_20231001_0717_red/edf/mindskin_s19_2023-09-30T23-10-12[+0100].edf	.
mindskin_s19_2023-10-01T23-13-41[+0100]	/Users/ellajadealex/Desktop/Mind_Skin_Dissertation/Dreem/data/raw/MS19/Visit_1/DREEM_MS19_20231001_2313_20231002_0702/edf/mindskin_s19_2023-10-01T23-13-41[+0100].edf	.
mindskin_s19_2023-10-02T21-51-40[+0100]	/Users/ellajadealex/Desktop/Mind_Skin_Dissertation/Dreem/data/raw/MS19/Visit_1/DREEM_MS19_20231002_2151_20231003_0709/edf/mindskin_s19_2023-10-02T21-51-40[+0100].edf	.
mindskin_s19_2023-10-03T23-02-29[+0100]	/Users/ellajadealex/Desktop/Mind_Skin_Dissertation/Dreem/data/raw/MS19/Visit_1/DREEM_MS19_20231003_2302_20231004_0726/edf/mindskin_s19_2023-10-03T23-02-29[+0100].edf	.
mindskin_s19_2023-10-04T23-11-43[+0100]	/Users/ellajadealex/Desktop/Mind_Skin_Dissertation/Dreem/data/raw/MS19/Visit_1/DREEM_MS19_20231004_2311_20231005_0730/edf/mindskin_s19_2023-10-04T23-11-43[+0100].edf	.
mindskin_s19_2023-10-05T21-45-16[+0100]	/Users/ellajadealex/Desktop/Mind_Skin_Dissertation/Dreem/data/raw/MS19/Visit_1/DREEM_MS19_20231005_2145_20231006_0701_red/edf/mindskin_s19_2023-10-05T21-45-16[+0100].edf	.
mindskin_s19_2023-10-07T03-33-12[+0100]	/Users/ellajadealex/Desktop/Mind_Skin_Dissertation/Dreem/data/raw/MS19/Visit_1/DREEM_MS19_20231007_0333_1034/edf/mindskin_s19_2023-10-07T03-33-12[+0100].edf	.
mindskin_s19_2023-10-08T02-45-01[+0100]	/Users/ellajadealex/Desktop/Mind_Skin_Dissertation/Dreem/data/raw/MS19/Visit_1/DREEM_MS19_20231008_0245_0753/edf/mindskin_s19_2023-10-08T02-45-01[+0100].edf	.
mindskin_s19_2023-10-08T23-54-02[+0100]	/Users/ellajadealex/Desktop/Mind_Skin_Dissertation/Dreem/data/raw/MS19/Visit_1/DREEM_MS19_20231008_2354_20231009_0645/edf/mindskin_s19_2023-10-08T23-54-02[+0100].edf	.
mindskin_s21_2023-10-03T22-59-16[+0100]	/Users/ellajadealex/Desktop/Mind_Skin_Dissertation/Dreem/data/raw/MS21/Visit_1/DREEM_MS21_20231003_2259_2302_red/edf/mindskin_s21_2023-10-03T22-59-16[+0100].edf	.
mindskin_s21_2023-10-03T23-05-43[+0100]	/Users/ellajadealex/Desktop/Mind_Skin_Dissertation/Dreem/data/raw/MS21/Visit_1/DREEM_MS21_20231003_2305_2311_red/edf/mindskin_s21_2023-10-03T23-05-43[+0100].edf	.
mindskin_s21_2023-10-03T23-12-41[+0100]	/Users/ellajadealex/Desktop/Mind_Skin_Dissertation/Dreem/data/raw/MS21/Visit_1/DREEM_MS21_20231003_2312_20231004_0628_red/edf/mindskin_s21_2023-10-03T23-12-41[+0100].edf	.
mindskin_s21_2023-10-04T22-55-02[+0100]	/Users/ellajadealex/Desktop/Mind_Skin_Dissertation/Dreem/data/raw/MS21/Visit_1/DREEM_MS21_20231004_2255_20231005_0626_red/edf/mindskin_s21_2023-10-04T22-55-02[+0100].edf	.
mindskin_s21_2023-10-05T23-05-53[+0100]	/Users/ellajadealex/Desktop/Mind_Skin_Dissertation/Dreem/data/raw/MS21/Visit_1/DREEM_MS21_20231005_2305_20231006_2023_red/edf/mindskin_s21_2023-10-05T23-05-53[+0100].edf	.
mindskin_s21_2023-10-07T00-30-19[+0100]	/Users/ellajadealex/Desktop/Mind_Skin_Dissertation/Dreem/data/raw/MS21/Visit_1/DREEM_MS21_20231007_0030_0730_red/edf/mindskin_s21_2023-10-07T00-30-19[+0100].edf	.
mindskin_s21_2023-10-08T00-33-34[+0100]	/Users/ellajadealex/Desktop/Mind_Skin_Dissertation/Dreem/data/raw/MS21/Visit_1/DREEM_MS21_20231008_0033_0910/edf/mindskin_s21_2023-10-08T00-33-34[+0100].edf	.
mindskin_s21_2023-10-09T01-02-31[+0100]	/Users/ellajadealex/Desktop/Mind_Skin_Dissertation/Dreem/data/raw/MS21/Visit_1/DREEM_MS21_20231009_0102_0532/edf/mindskin_s21_2023-10-09T01-02-31[+0100].edf	.
mindskin_s21_2023-10-09T20-38-41[+0100]	/Users/ellajadealex/Desktop/Mind_Skin_Dissertation/Dreem/data/raw/MS21/Visit_1/DREEM_MS21_20231009_2038_20231010_0654_red/edf/mindskin_s21_2023-10-09T20-38-41[+0100].edf	.
mindskin_s21_2023-10-11T00-53-42[+0100]	/Users/ellajadealex/Desktop/Mind_Skin_Dissertation/Dreem/data/raw/MS21/Visit_1/DREEM_MS21_20231011_0053_0651_red/edf/mindskin_s21_2023-10-11T00-53-42[+0100].edf	.
mindskin_s21_2023-10-12T00-17-09[+0100]	/Users/ellajadealex/Desktop/Mind_Skin_Dissertation/Dreem/data/raw/MS21/Visit_1/DREEM_MS21_20231012_0017_0508_red/edf/mindskin_s21_2023-10-12T00-17-09[+0100].edf	.
mindskin_s21_2023-10-12T22-54-33[+0100]	/Users/ellajadealex/Desktop/Mind_Skin_Dissertation/Dreem/data/raw/MS21/Visit_1/DREEM_MS21_20231012_2254_20231013_0540/edf/mindskin_s21_2023-10-12T22-54-33[+0100].edf	.
mindskin_s21_2023-10-13T22-27-46[+0100]	/Users/ellajadealex/Desktop/Mind_Skin_Dissertation/Dreem/data/raw/MS21/Visit_1/DREEM_MS21_20231013_2227_20231014_0836_red/edf/mindskin_s21_2023-10-13T22-27-46[+0100].edf	.
mindskin_s21_2023-10-15T02-12-44[+0100]	/Users/ellajadealex/Desktop/Mind_Skin_Dissertation/Dreem/data/raw/MS21/Visit_1/DREEM_MS21_20231015_0212_1015/edf/mindskin_s21_2023-10-15T02-12-44[+0100].edf	.
mindskin_s21_2023-10-16T02-00-24[+0100]	/Users/ellajadealex/Desktop/Mind_Skin_Dissertation/Dreem/data/raw/MS21/Visit_1/DREEM_MS21_20231016_0200_0631/edf/mindskin_s21_2023-10-16T02-00-24[+0100].edf	.
mindskin_s22_2023-10-25T00-13-33[+0100]	/Users/ellajadealex/Desktop/Mind_Skin_Dissertation/Dreem/data/raw/MS22/Visit_1/DREEM_MS22_20231025_0013_1013_red/edf/mindskin_s22_2023-10-25T00-13-33[+0100].edf	.
mindskin_s22_2023-10-25T23-08-21[+0100]	/Users/ellajadealex/Desktop/Mind_Skin_Dissertation/Dreem/data/raw/MS22/Visit_1/DREEM_MS22_20231025_2308_20231026_1159_red/edf/mindskin_s22_2023-10-25T23-08-21[+0100].edf	.
mindskin_s22_2023-10-29T00-39-22[+0100]	/Users/ellajadealex/Desktop/Mind_Skin_Dissertation/Dreem/data/raw/MS22/Visit_1/DREEM_MS22_20231029_0039_1540_red/edf/mindskin_s22_2023-10-29T00-39-22[+0100].edf	.
mindskin_s22_2023-10-29T23-10-20[+0000]	/Users/ellajadealex/Desktop/Mind_Skin_Dissertation/Dreem/data/raw/MS22/Visit_1/DREEM_MS22_20231029_2310_20231030_1452_red/edf/mindskin_s22_2023-10-29T23-10-20[+0000].edf	.
mindskin_s22_2023-10-30T22-38-01[+0000]	/Users/ellajadealex/Desktop/Mind_Skin_Dissertation/Dreem/data/raw/MS22/Visit_1/DREEM_MS22_20231030_2238_20231031_1249_red/edf/mindskin_s22_2023-10-30T22-38-01[+0000].edf	.
mindskin_s22_2023-11-01T03-03-40[+0000]	/Users/ellajadealex/Desktop/Mind_Skin_Dissertation/Dreem/data/raw/MS22/Visit_1/DREEM_MS22_20231101_0303_1908_red/edf/mindskin_s22_2023-11-01T03-03-40[+0000].edf	.
mindskin_s22_2023-11-01T23-14-27[+0000]	/Users/ellajadealex/Desktop/Mind_Skin_Dissertation/Dreem/data/raw/MS22/Visit_1/DREEM_MS22_20231101_2314_2317_red/edf/mindskin_s22_2023-11-01T23-14-27[+0000].edf	.
mindskin_s22_2023-11-01T23-18-04[+0000]	/Users/ellajadealex/Desktop/Mind_Skin_Dissertation/Dreem/data/raw/MS22/Visit_1/DREEM_MS22_20231101_2318_20231103_0022_red/edf/mindskin_s22_2023-11-01T23-18-04[+0000].edf	.
mindskin_s22_2023-11-03T00-29-25[+0000]	/Users/ellajadealex/Desktop/Mind_Skin_Dissertation/Dreem/data/raw/MS22/Visit_1/DREEM_MS22_20231103_0029_0032_red/edf/mindskin_s22_2023-11-03T00-29-25[+0000].edf	.
mindskin_s22_2023-11-03T00-32-35[+0000]	/Users/ellajadealex/Desktop/Mind_Skin_Dissertation/Dreem/data/raw/MS22/Visit_1/DREEM_MS22_20231103_0032_0823_red/edf/mindskin_s22_2023-11-03T00-32-35[+0000].edf	.
mindskin_s22_2023-11-04T00-13-35[+0000]	/Users/ellajadealex/Desktop/Mind_Skin_Dissertation/Dreem/data/raw/MS22/Visit_1/DREEM_MS22_20231104_0013_1850_red/edf/mindskin_s22_2023-11-04T00-13-35[+0000].edf	.
mindskin_s22_2023-11-05T00-29-35[+0000]	/Users/ellajadealex/Desktop/Mind_Skin_Dissertation/Dreem/data/raw/MS22/Visit_1/DREEM_MS22_20231105_0029_1401_red/edf/mindskin_s22_2023-11-05T00-29-35[+0000].edf	.
mindskin_s23_2023-11-15T23-56-45_+0000	/Users/ellajadealex/Desktop/Mind_Skin_Dissertation/Dreem/data/raw/MS23/Visit_1/DREEM_MS23_20231115_2356_20231116_0811/edf/mindskin_s23_2023-11-15T23-56-45_+0000.edf	.
mindskin_s23_2023-11-16T23-17-45[+0000]	/Users/ellajadealex/Desktop/Mind_Skin_Dissertation/Dreem/data/raw/MS23/Visit_1/DREEM_MS23_20231116_2317_20231117_0710/edf/mindskin_s23_2023-11-16T23-17-45[+0000].edf	.
mindskin_s23_2023-11-18T00-19-59[+0000]	/Users/ellajadealex/Desktop/Mind_Skin_Dissertation/Dreem/data/raw/MS23/Visit_1/DREEM_MS23_20231118_0019_0820/edf/mindskin_s23_2023-11-18T00-19-59[+0000].edf	.
mindskin_s23_2023-11-18T23-38-18[+0000]	/Users/ellajadealex/Desktop/Mind_Skin_Dissertation/Dreem/data/raw/MS23/Visit_1/DREEM_MS23_20231118_2338_20231119_0750/edf/mindskin_s23_2023-11-18T23-38-18[+0000].edf	.
mindskin_s23_2023-11-20T00-40-47[+0000]	/Users/ellajadealex/Desktop/Mind_Skin_Dissertation/Dreem/data/raw/MS23/Visit_1/DREEM_MS23_20231120_0040_0532/edf/mindskin_s23_2023-11-20T00-40-47[+0000].edf	.
mindskin_s23_2023-11-20T23-34-26[+0000]	/Users/ellajadealex/Desktop/Mind_Skin_Dissertation/Dreem/data/raw/MS23/Visit_1/DREEM_MS23_20231120_2334_20231121_0716_red/edf/mindskin_s23_2023-11-20T23-34-26[+0000].edf	.
mindskin_s23_2023-11-21T23-03-10[+0000]	/Users/ellajadealex/Desktop/Mind_Skin_Dissertation/Dreem/data/raw/MS23/Visit_1/DREEM_MS23_20231121_2303_20231122_0710_red/edf/mindskin_s23_2023-11-21T23-03-10[+0000].edf	.
mindskin_s23_2023-11-23T00-17-14[+0000]	/Users/ellajadealex/Desktop/Mind_Skin_Dissertation/Dreem/data/raw/MS23/Visit_1/DREEM_MS23_20231123_0017_0810/edf/mindskin_s23_2023-11-23T00-17-14[+0000].edf	.
mindskin_s25_2024-01-17T22-38-55[+0000]	/Users/ellajadealex/Desktop/Mind_Skin_Dissertation/Dreem/data/raw/MS25/Visit_1/DREEM_MS25_20240117_2238_20240118_0745_red/edf/mindskin_s25_2024-01-17T22-38-55[+0000].edf	.
mindskin_s25_2024-01-18T22-53-50[+0000]	/Users/ellajadealex/Desktop/Mind_Skin_Dissertation/Dreem/data/raw/MS25/Visit_1/DREEM_MS25_20240118_2253_20240119_0726/edf/mindskin_s25_2024-01-18T22-53-50[+0000].edf	.
mindskin_s25_2024-01-19T23-41-51[+0000]	/Users/ellajadealex/Desktop/Mind_Skin_Dissertation/Dreem/data/raw/MS25/Visit_1/DREEM_MS25_20240119_2341_20240120_0736/edf/mindskin_s25_2024-01-19T23-41-51[+0000].edf	.
mindskin_s25_2024-01-20T23-35-59[+0000]	/Users/ellajadealex/Desktop/Mind_Skin_Dissertation/Dreem/data/raw/MS25/Visit_1/DREEM_MS25_20240120_2335_20240121_0829/edf/mindskin_s25_2024-01-20T23-35-59[+0000].edf	.
mindskin_s25_2024-01-21T23-06-36[+0000]	/Users/ellajadealex/Desktop/Mind_Skin_Dissertation/Dreem/data/raw/MS25/Visit_1/DREEM_MS25_20240121_2306_20240122_0748/edf/mindskin_s25_2024-01-21T23-06-36[+0000].edf	.
mindskin_s25_2024-01-22T23-37-42[+0000]	/Users/ellajadealex/Desktop/Mind_Skin_Dissertation/Dreem/data/raw/MS25/Visit_1/DREEM_MS25_20240122_2337_20240123_0732/edf/mindskin_s25_2024-01-22T23-37-42[+0000].edf	.
mindskin_s25_2024-01-23T23-14-50[+0000]	/Users/ellajadealex/Desktop/Mind_Skin_Dissertation/Dreem/data/raw/MS25/Visit_1/DREEM_MS25_20240123_2314_20240124_0710_red/edf/mindskin_s25_2024-01-23T23-14-50[+0000].edf	.
mindskin_s25_2024-01-24T23-27-39[+0000]	/Users/ellajadealex/Desktop/Mind_Skin_Dissertation/Dreem/data/raw/MS25/Visit_1/DREEM_MS25_20240124_2327_20240125_0729/edf/mindskin_s25_2024-01-24T23-27-39[+0000].edf	.
mindskin_s25_2024-01-25T23-23-05[+0000]	/Users/ellajadealex/Desktop/Mind_Skin_Dissertation/Dreem/data/raw/MS25/Visit_1/DREEM_MS25_20240125_2323_20240126_0711/edf/mindskin_s25_2024-01-25T23-23-05[+0000].edf	.
mindskin_s25_2024-01-26T23-59-07[+0000]	/Users/ellajadealex/Desktop/Mind_Skin_Dissertation/Dreem/data/raw/MS25/Visit_1/DREEM_MS25_20240126_2359_20240127_0920_red/edf/mindskin_s25_2024-01-26T23-59-07[+0000].edf	.
mindskin_s26_2024-02-07T23-19-18[+0000]	/Users/ellajadealex/Desktop/Mind_Skin_Dissertation/Dreem/data/raw/MS26/Visit_1/DREEM_MS26_20240207_2319_20240208_1840/edf/mindskin_s26_2024-02-07T23-19-18[+0000].edf	.
mindskin_s26_2024-02-08T23-08-43[+0000]	/Users/ellajadealex/Desktop/Mind_Skin_Dissertation/Dreem/data/raw/MS26/Visit_1/DREEM_MS26_20240208_2308_20240209_1119/edf/mindskin_s26_2024-02-08T23-08-43[+0000].edf	.
mindskin_s26_2024-02-10T00-14-08[+0000]	/Users/ellajadealex/Desktop/Mind_Skin_Dissertation/Dreem/data/raw/MS26/Visit_1/DREEM_MS26_20240210_0014_1154_red/edf/mindskin_s26_2024-02-10T00-14-08[+0000].edf	.
mindskin_s26_2024-02-10T23-53-58[+0000]	/Users/ellajadealex/Desktop/Mind_Skin_Dissertation/Dreem/data/raw/MS26/Visit_1/DREEM_MS26_20240210_2353_20240211_2321_red/edf/mindskin_s26_2024-02-10T23-53-58[+0000].edf	.
mindskin_s26_2024-02-12T22-54-07[+0000]	/Users/ellajadealex/Desktop/Mind_Skin_Dissertation/Dreem/data/raw/MS26/Visit_1/DREEM_MS26_20240212_2254_20240213_0813/edf/mindskin_s26_2024-02-12T22-54-07[+0000].edf	.
mindskin_s26_2024-02-13T22-32-41[+0000]	/Users/ellajadealex/Desktop/Mind_Skin_Dissertation/Dreem/data/raw/MS26/Visit_1/DREEM_MS26_20240213_2232_2237_red/edf/mindskin_s26_2024-02-13T22-32-41[+0000].edf	.
mindskin_s26_2024-02-13T22-38-27[+0000]	/Users/ellajadealex/Desktop/Mind_Skin_Dissertation/Dreem/data/raw/MS26/Visit_1/DREEM_MS26_20240213_2238_20240214_0801_red/edf/mindskin_s26_2024-02-13T22-38-27[+0000].edf	.
mindskin_s26_2024-02-14T23-18-10[+0000]	/Users/ellajadealex/Desktop/Mind_Skin_Dissertation/Dreem/data/raw/MS26/Visit_1/DREEM_MS26_20240214_2318_2319_red/edf/mindskin_s26_2024-02-14T23-18-10[+0000].edf	.
mindskin_s26_2024-02-14T23-24-49[+0000]	/Users/ellajadealex/Desktop/Mind_Skin_Dissertation/Dreem/data/raw/MS26/Visit_1/DREEM_MS26_20240214_2324_20240215_0700_red/edf/mindskin_s26_2024-02-14T23-24-49[+0000].edf	.
mindskin_s26_2024-02-15T23-15-12[+0000]	/Users/ellajadealex/Desktop/Mind_Skin_Dissertation/Dreem/data/raw/MS26/Visit_1/DREEM_MS26_20240215_2315_20240216_0730/edf/mindskin_s26_2024-02-15T23-15-12[+0000].edf	.
mindskin_s26_2024-02-17T00-07-06[+0000]	/Users/ellajadealex/Desktop/Mind_Skin_Dissertation/Dreem/data/raw/MS26/Visit_1/DREEM_MS26_20240217_0007_0802/edf/mindskin_s26_2024-02-17T00-07-06[+0000].edf	.
mindskin_s27_2023-12-06T23-14-37[+0000]	/Users/ellajadealex/Desktop/Mind_Skin_Dissertation/Dreem/data/raw/MS27/Visit_1/DREEM_MS27_20231206_2314_20231207_0847_red/edf/mindskin_s27_2023-12-06T23-14-37[+0000].edf	.
mindskin_s27_2023-12-08T01-23-22[+0000]	/Users/ellajadealex/Desktop/Mind_Skin_Dissertation/Dreem/data/raw/MS27/Visit_1/DREEM_MS27_20231208_0123_0731_red/edf/mindskin_s27_2023-12-08T01-23-22[+0000].edf	.
mindskin_s27_2023-12-09T01-23-07[+0000]	/Users/ellajadealex/Desktop/Mind_Skin_Dissertation/Dreem/data/raw/MS27/Visit_1/DREEM_MS27_20231209_0123_1114_red/edf/mindskin_s27_2023-12-09T01-23-07[+0000].edf	.
mindskin_s27_2023-12-10T02-17-43[+0000]	/Users/ellajadealex/Desktop/Mind_Skin_Dissertation/Dreem/data/raw/MS27/Visit_1/DREEM_MS27_20231210_0217_20231211_0024_red/edf/mindskin_s27_2023-12-10T02-17-43[+0000].edf	.
mindskin_s27_2023-12-11T00-32-53[+0000]	/Users/ellajadealex/Desktop/Mind_Skin_Dissertation/Dreem/data/raw/MS27/Visit_1/DREEM_MS27_20231211_0032_0957/edf/mindskin_s27_2023-12-11T00-32-53[+0000].edf	.
mindskin_s27_2023-12-12T00-08-21[+0000]	/Users/ellajadealex/Desktop/Mind_Skin_Dissertation/Dreem/data/raw/MS27/Visit_1/DREEM_MS27_20231212_0008_0729_red/edf/mindskin_s27_2023-12-12T00-08-21[+0000].edf	.
mindskin_s27_2023-12-13T01-06-22[+0000]	/Users/ellajadealex/Desktop/Mind_Skin_Dissertation/Dreem/data/raw/MS27/Visit_1/DREEM_MS27_20231213_0106_1606_red/edf/mindskin_s27_2023-12-13T01-06-22[+0000].edf	.
mindskin_s27_2023-12-14T01-32-05[+0000]	/Users/ellajadealex/Desktop/Mind_Skin_Dissertation/Dreem/data/raw/MS27/Visit_1/DREEM_MS27_20231214_0132_2348_red/edf/mindskin_s27_2023-12-14T01-32-05[+0000].edf	.
mindskin_s27_2023-12-15T00-33-32[+0000]	/Users/ellajadealex/Desktop/Mind_Skin_Dissertation/Dreem/data/raw/MS27/Visit_1/DREEM_MS27_20231215_0033_0830/edf/mindskin_s27_2023-12-15T00-33-32[+0000].edf	.
mindskin_s28_2024-03-07T20-57-29[+0000]	/Users/ellajadealex/Desktop/Mind_Skin_Dissertation/Dreem/data/raw/MS28/Visit_1/DREEM_MS28_20240307_2057_20240308_0619_red/edf/mindskin_s28_2024-03-07T20-57-29[+0000].edf	.
mindskin_s28_2024-03-11T20-47-47[+0000]	/Users/ellajadealex/Desktop/Mind_Skin_Dissertation/Dreem/data/raw/MS28/Visit_1/DREEM_MS28_20240311_2047_20240312_0051_red/edf/mindskin_s28_2024-03-11T20-47-47[+0000].edf	.
mindskin_s28_2024-03-12T21-49-06[+0000]	/Users/ellajadealex/Desktop/Mind_Skin_Dissertation/Dreem/data/raw/MS28/Visit_1/DREEM_MS28_20240312_2149_20240313_1619_red/edf/mindskin_s28_2024-03-12T21-49-06[+0000].edf	.
mindskin_s28_2024-03-13T22-34-30[+0000]	/Users/ellajadealex/Desktop/Mind_Skin_Dissertation/Dreem/data/raw/MS28/Visit_1/DREEM_MS28_20240313_2234_20240314_0819_red/edf/mindskin_s28_2024-03-13T22-34-30[+0000].edf	.
mindskin_s29_2024-03-05T20-07-51[+0000]	/Users/ellajadealex/Desktop/Mind_Skin_Dissertation/Dreem/data/raw/MS29/Visit_1/DREEM_MS29_20240305_2007_20240306_2013_red/edf/mindskin_s29_2024-03-05T20-07-51[+0000].edf	.
mindskin_s30_2024-08-01T22-47-18[+0100]	/Users/ellajadealex/Desktop/Mind_Skin_Dissertation/Dreem/data/raw/MS30/Visit_1/DREEM_MS30_20240801_2247_20240802_1111/edf/mindskin_s30_2024-08-01T22-47-18[+0100].edf	.
mindskin_s30_2024-08-02T22-11-40[+0100]	/Users/ellajadealex/Desktop/Mind_Skin_Dissertation/Dreem/data/raw/MS30/Visit_1/DREEM_MS30_20240802_2211_20240803_1115_red/edf/mindskin_s30_2024-08-02T22-11-40[+0100].edf	.
mindskin_s30_2024-08-04T00-20-59[+0100]	/Users/ellajadealex/Desktop/Mind_Skin_Dissertation/Dreem/data/raw/MS30/Visit_1/DREEM_MS30_20240804_0020_20240804_0918_red/edf/mindskin_s30_2024-08-04T00-20-59[+0100].edf	.
mindskin_s30_2024-08-04T22-41-36[+0100]	/Users/ellajadealex/Desktop/Mind_Skin_Dissertation/Dreem/data/raw/MS30/Visit_1/DREEM_MS30_20240804_2241_20240805_1001_red/edf/mindskin_s30_2024-08-04T22-41-36[+0100].edf	.
mindskin_s30_2024-08-05T23-01-33[+0100]	/Users/ellajadealex/Desktop/Mind_Skin_Dissertation/Dreem/data/raw/MS30/Visit_1/DREEM_MS30_20240805_2301_20240806_1230_red/edf/mindskin_s30_2024-08-05T23-01-33[+0100].edf	.
mindskin_s30_2024-08-06T21-46-26[+0100]	/Users/ellajadealex/Desktop/Mind_Skin_Dissertation/Dreem/data/raw/MS30/Visit_1/DREEM_MS30_20240806_2146_20240807_1107/edf/mindskin_s30_2024-08-06T21-46-26[+0100].edf	.
mindskin_s30_2024-08-07T21-47-45[+0100]	/Users/ellajadealex/Desktop/Mind_Skin_Dissertation/Dreem/data/raw/MS30/Visit_1/DREEM_MS30_20240807_2147_20240808_1314_red/edf/mindskin_s30_2024-08-07T21-47-45[+0100].edf	.
mindskin_s30_2024-08-08T23-18-18[+0100]	/Users/ellajadealex/Desktop/Mind_Skin_Dissertation/Dreem/data/raw/MS30/Visit_1/DREEM_MS30_20240808_2318_20240809_1136_red/edf/mindskin_s30_2024-08-08T23-18-18[+0100].edf	.
mindskin_s30_2024-08-09T23-16-15[+0100]	/Users/ellajadealex/Desktop/Mind_Skin_Dissertation/Dreem/data/raw/MS30/Visit_1/DREEM_MS30_20240809_2316_20240810_2354_red/edf/mindskin_s30_2024-08-09T23-16-15[+0100].edf	.
mindskin_s30_2024-08-11T00-19-11[+0100]	/Users/ellajadealex/Desktop/Mind_Skin_Dissertation/Dreem/data/raw/MS30/Visit_1/DREEM_MS30_20240811_0019_20240811_1355_red/edf/mindskin_s30_2024-08-11T00-19-11[+0100].edf	.
mindskin_s31_2024-03-13T22-10-45[+0000]	/Users/ellajadealex/Desktop/Mind_Skin_Dissertation/Dreem/data/raw/MS31/Visit_1/DREEM_MS31_20240313_2210_20240314_0526_red/edf/mindskin_s31_2024-03-13T22-10-45[+0000].edf	.
mindskin_s31_2024-03-14T05-27-08[+0000]	/Users/ellajadealex/Desktop/Mind_Skin_Dissertation/Dreem/data/raw/MS31/Visit_1/DREEM_MS31_20240314_0527_1839_red/edf/mindskin_s31_2024-03-14T05-27-08[+0000].edf	.
mindskin_s31_2024-03-14T23-22-21[+0000]	/Users/ellajadealex/Desktop/Mind_Skin_Dissertation/Dreem/data/raw/MS31/Visit_1/DREEM_MS31_20240314_2322_20240315_0639_red/edf/mindskin_s31_2024-03-14T23-22-21[+0000].edf	.
mindskin_s31_2024-03-15T23-22-34[+0000]	/Users/ellajadealex/Desktop/Mind_Skin_Dissertation/Dreem/data/raw/MS31/Visit_1/DREEM_MS31_20240315_2322_20240316_2052_red/edf/mindskin_s31_2024-03-15T23-22-34[+0000].edf	.
mindskin_s31_2024-03-17T21-30-52[+0000]	/Users/ellajadealex/Desktop/Mind_Skin_Dissertation/Dreem/data/raw/MS31/Visit_1/DREEM_MS31_20240317_2130_2209_red/edf/mindskin_s31_2024-03-17T21-30-52[+0000].edf	.
mindskin_s31_2024-03-17T22-10-46[+0000]	/Users/ellajadealex/Desktop/Mind_Skin_Dissertation/Dreem/data/raw/MS31/Visit_1/DREEM_MS31_20240317_2210_20240318_0149_red/edf/mindskin_s31_2024-03-17T22-10-46[+0000].edf	.
mindskin_s31_2024-03-18T01-51-19[+0000]	/Users/ellajadealex/Desktop/Mind_Skin_Dissertation/Dreem/data/raw/MS31/Visit_1/DREEM_MS31_20240318_0151_20240318_0656_red/edf/mindskin_s31_2024-03-18T01-51-19[+0000].edf	.
mindskin_s31_2024-03-18T21-39-06[+0000]	/Users/ellajadealex/Desktop/Mind_Skin_Dissertation/Dreem/data/raw/MS31/Visit_1/DREEM_MS31_20240318_2139_20240319_2257_red/edf/mindskin_s31_2024-03-18T21-39-06[+0000].edf	.
mindskin_s31_2024-03-19T22-57-24[+0000]	/Users/ellajadealex/Desktop/Mind_Skin_Dissertation/Dreem/data/raw/MS31/Visit_1/DREEM_MS31_20240319_2257_20240320_0501_red/edf/mindskin_s31_2024-03-19T22-57-24[+0000].edf	.
mindskin_s31_2024-03-20T22-44-46[+0000]	/Users/ellajadealex/Desktop/Mind_Skin_Dissertation/Dreem/data/raw/MS31/Visit_1/DREEM_MS31_20240320_2244_20240321_0429_red/edf/mindskin_s31_2024-03-20T22-44-46[+0000].edf	.
mindskin_s31_2024-03-21T23-16-27[+0000]	/Users/ellajadealex/Desktop/Mind_Skin_Dissertation/Dreem/data/raw/MS31/Visit_1/DREEM_MS31_20240321_2316_20240322_0411_red/edf/mindskin_s31_2024-03-21T23-16-27[+0000].edf	.
mindskin_s31_2024-03-22T21-46-35[+0000]	/Users/ellajadealex/Desktop/Mind_Skin_Dissertation/Dreem/data/raw/MS31/Visit_1/DREEM_MS31_20240322_2146_2311_red/edf/mindskin_s31_2024-03-22T21-46-35[+0000].edf	.
mindskin_s31_2024-03-22T23-15-00[+0000]	/Users/ellajadealex/Desktop/Mind_Skin_Dissertation/Dreem/data/raw/MS31/Visit_1/DREEM_MS31_20240322_2315_20240323_0108_red/edf/mindskin_s31_2024-03-22T23-15-00[+0000].edf	.
mindskin_s32_2024-04-03T23-28-38[+0100]	/Users/ellajadealex/Desktop/Mind_Skin_Dissertation/Dreem/data/raw/MS32/Visit_1/DREEM_MS32_20240403_2328_20240404_0822_red/edf/mindskin_s32_2024-04-03T23-28-38[+0100].edf	.
mindskin_s32_2024-04-04T23-55-05[+0100]	/Users/ellajadealex/Desktop/Mind_Skin_Dissertation/Dreem/data/raw/MS32/Visit_1/DREEM_MS32_20240404_2355_20240405_0720/edf/mindskin_s32_2024-04-04T23-55-05[+0100].edf	.
mindskin_s32_2024-04-06T00-38-38[+0100]	/Users/ellajadealex/Desktop/Mind_Skin_Dissertation/Dreem/data/raw/MS32/Visit_1/DREEM_MS32_20240406_0038_0717/edf/mindskin_s32_2024-04-06T00-38-38[+0100].edf	.
mindskin_s32_2024-04-07T01-18-30[+0100]	/Users/ellajadealex/Desktop/Mind_Skin_Dissertation/Dreem/data/raw/MS32/Visit_1/DREEM_MS32_20240407_0118_0709_red/edf/mindskin_s32_2024-04-07T01-18-30[+0100].edf	.
mindskin_s32_2024-04-08T00-03-21[+0100]	/Users/ellajadealex/Desktop/Mind_Skin_Dissertation/Dreem/data/raw/MS32/Visit_1/DREEM_MS32_20240408_0003_0814_red/edf/mindskin_s32_2024-04-08T00-03-21[+0100].edf	.
mindskin_s32_2024-04-09T00-14-16[+0100]	/Users/ellajadealex/Desktop/Mind_Skin_Dissertation/Dreem/data/raw/MS32/Visit_1/DREEM_MS32_20240409_0014_0748_red/edf/mindskin_s32_2024-04-09T00-14-16[+0100].edf	.
mindskin_s32_2024-04-09T23-38-35[+0100]	/Users/ellajadealex/Desktop/Mind_Skin_Dissertation/Dreem/data/raw/MS32/Visit_1/DREEM_MS32_20240409_2338_20240410_0912/edf/mindskin_s32_2024-04-09T23-38-35[+0100].edf	.
mindskin_s32_2024-04-11T03-42-22[+0100]	/Users/ellajadealex/Desktop/Mind_Skin_Dissertation/Dreem/data/raw/MS32/Visit_1/DREEM_MS32_20240411_0342_1127_red/edf/mindskin_s32_2024-04-11T03-42-22[+0100].edf	.
mindskin_s32_2024-04-12T04-12-21[+0100]	/Users/ellajadealex/Desktop/Mind_Skin_Dissertation/Dreem/data/raw/MS32/Visit_1/DREEM_MS32_20240412_0412_1002_red/edf/mindskin_s32_2024-04-12T04-12-21[+0100].edf	.
mindskin_s32_2024-04-13T02-33-32[+0100]	/Users/ellajadealex/Desktop/Mind_Skin_Dissertation/Dreem/data/raw/MS32/Visit_1/DREEM_MS32_20240413_0233_1048/edf/mindskin_s32_2024-04-13T02-33-32[+0100].edf	.
mindskin_s32_2024-04-14T01-08-03[+0100]	/Users/ellajadealex/Desktop/Mind_Skin_Dissertation/Dreem/data/raw/MS32/Visit_1/DREEM_MS32_20240414_0108_0733_red/edf/mindskin_s32_2024-04-14T01-08-03[+0100].edf	.
mindskin_s32_2024-04-15T03-24-03[+0100]	/Users/ellajadealex/Desktop/Mind_Skin_Dissertation/Dreem/data/raw/MS32/Visit_1/DREEM_MS32_20240415_0324_0632/edf/mindskin_s32_2024-04-15T03-24-03[+0100].edf	.
mindskin_s32_2024-09-07T01-34-32[+0100]	/Users/ellajadealex/Desktop/Mind_Skin_Dissertation/Dreem/data/raw/MS32/Visit_2/DREEM_MS32_20240907_0134_0759_red/edf/mindskin_s32_2024-09-07T01-34-32[+0100].edf	.
mindskin_s32_2024-09-08T00-13-06[+0100]	/Users/ellajadealex/Desktop/Mind_Skin_Dissertation/Dreem/data/raw/MS32/Visit_2/DREEM_MS32_20240908_0013_0711_red/edf/mindskin_s32_2024-09-08T00-13-06[+0100].edf	.
mindskin_s32_2024-09-08T23-57-28[+0100]	/Users/ellajadealex/Desktop/Mind_Skin_Dissertation/Dreem/data/raw/MS32/Visit_2/DREEM_MS32_20240908_2357_20240909_0631_red/edf/mindskin_s32_2024-09-08T23-57-28[+0100].edf	.
mindskin_s32_2024-09-10T00-24-46[+0100]	/Users/ellajadealex/Desktop/Mind_Skin_Dissertation/Dreem/data/raw/MS32/Visit_2/DREEM_MS32_20240910_0024_0631_red/edf/mindskin_s32_2024-09-10T00-24-46[+0100].edf	.
mindskin_s32_2024-09-11T00-12-59[+0100]	/Users/ellajadealex/Desktop/Mind_Skin_Dissertation/Dreem/data/raw/MS32/Visit_2/DREEM_MS32_20240911_0012_0555_red/edf/mindskin_s32_2024-09-11T00-12-59[+0100].edf	.
mindskin_s32_2024-09-12T00-11-54[+0100]	/Users/ellajadealex/Desktop/Mind_Skin_Dissertation/Dreem/data/raw/MS32/Visit_2/DREEM_MS32_20240912_0011_0640_red/edf/mindskin_s32_2024-09-12T00-11-54[+0100].edf	.
mindskin_s32_2024-09-13T00-07-27[+0100]	/Users/ellajadealex/Desktop/Mind_Skin_Dissertation/Dreem/data/raw/MS32/Visit_2/DREEM_MS32_20240913_0007_0554_red/edf/mindskin_s32_2024-09-13T00-07-27[+0100].edf	.
mindskin_s32_2024-09-14T01-09-58[+0100]	/Users/ellajadealex/Desktop/Mind_Skin_Dissertation/Dreem/data/raw/MS32/Visit_2/DREEM_MS32_20240914_0109_0857_red/edf/mindskin_s32_2024-09-14T01-09-58[+0100].edf	.
mindskin_s32_2024-09-15T00-04-39[+0100]	/Users/ellajadealex/Desktop/Mind_Skin_Dissertation/Dreem/data/raw/MS32/Visit_2/DREEM_MS32_20240915_0004_0806_red/edf/mindskin_s32_2024-09-15T00-04-39[+0100].edf	.
mindskin_s32_2024-09-15T22-13-32[+0100]	/Users/ellajadealex/Desktop/Mind_Skin_Dissertation/Dreem/data/raw/MS32/Visit_2/DREEM_MS32_20240915_2213_20240916_0624_red/edf/mindskin_s32_2024-09-15T22-13-32[+0100].edf	.
mindskin_s32_2024-09-16T22-47-47[+0100]	/Users/ellajadealex/Desktop/Mind_Skin_Dissertation/Dreem/data/raw/MS32/Visit_2/DREEM_MS32_20240916_2247_20240917_0546_red/edf/mindskin_s32_2024-09-16T22-47-47[+0100].edf	.
mindskin_s33_2024-08-22T23-38-44[+0100]	/Users/ellajadealex/Desktop/Mind_Skin_Dissertation/Dreem/data/raw/MS33/Visit_1/DREEM_MS33_20240822_2338_20240823_1258_red/edf/mindskin_s33_2024-08-22T23-38-44[+0100].edf	.
mindskin_s33_2024-08-23T23-29-21[+0100]	/Users/ellajadealex/Desktop/Mind_Skin_Dissertation/Dreem/data/raw/MS33/Visit_1/DREEM_MS33_20240823_2329_20240824_2127_red/edf/mindskin_s33_2024-08-23T23-29-21[+0100].edf	.
mindskin_s33_2024-08-25T23-56-17[+0100]	/Users/ellajadealex/Desktop/Mind_Skin_Dissertation/Dreem/data/raw/MS33/Visit_1/DREEM_MS33_20240825_2356_20240826_0806_red/edf/mindskin_s33_2024-08-25T23-56-17[+0100].edf	.
mindskin_s33_2024-08-26T23-09-29[+0100]	/Users/ellajadealex/Desktop/Mind_Skin_Dissertation/Dreem/data/raw/MS33/Visit_1/DREEM_MS33_20240826_2309_20240827_0854_red/edf/mindskin_s33_2024-08-26T23-09-29[+0100].edf	.
mindskin_s33_2024-08-27T23-29-13[+0100]	/Users/ellajadealex/Desktop/Mind_Skin_Dissertation/Dreem/data/raw/MS33/Visit_1/DREEM_MS33_20240827_2329_20240828_0943_red/edf/mindskin_s33_2024-08-27T23-29-13[+0100].edf	.
mindskin_s33_2024-08-28T22-52-53[+0100]	/Users/ellajadealex/Desktop/Mind_Skin_Dissertation/Dreem/data/raw/MS33/Visit_1/DREEM_MS33_20240828_2252_20240829_0609_red/edf/mindskin_s33_2024-08-28T22-52-53[+0100].edf	.
mindskin_s33_2024-08-29T23-28-27[+0100]	/Users/ellajadealex/Desktop/Mind_Skin_Dissertation/Dreem/data/raw/MS33/Visit_1/DREEM_MS33_20240829_2328_20240830_1057_red/edf/mindskin_s33_2024-08-29T23-28-27[+0100].edf	.
mindskin_s33_2024-08-30T22-37-50[+0100]	/Users/ellajadealex/Desktop/Mind_Skin_Dissertation/Dreem/data/raw/MS33/Visit_1/DREEM_MS33_20240830_2237_20240831_1006_red/edf/mindskin_s33_2024-08-30T22-37-50[+0100].edf	.
mindskin_s33_2024-08-31T23-34-41[+0100]	/Users/ellajadealex/Desktop/Mind_Skin_Dissertation/Dreem/data/raw/MS33/Visit_1/DREEM_MS33_20240831_2334_20240901_1002_red/edf/mindskin_s33_2024-08-31T23-34-41[+0100].edf	.
mindskin_s33_2024-09-01T22-57-39[+0100]	/Users/ellajadealex/Desktop/Mind_Skin_Dissertation/Dreem/data/raw/MS33/Visit_1/DREEM_MS33_20240901_2257_20240902_2102_red/edf/mindskin_s33_2024-09-01T22-57-39[+0100].edf	.
mindskin_s34_2024-04-17T23-23-25[+0100]	/Users/ellajadealex/Desktop/Mind_Skin_Dissertation/Dreem/data/raw/MS34/Visit_1/DREEM_MS34_20240417_2323_20240418_0752/edf/mindskin_s34_2024-04-17T23-23-25[+0100].edf	.
mindskin_s34_2024-04-18T23-43-45[+0100]	/Users/ellajadealex/Desktop/Mind_Skin_Dissertation/Dreem/data/raw/MS34/Visit_1/DREEM_MS34_20240418_2343_20240419_0749_red/edf/mindskin_s34_2024-04-18T23-43-45[+0100].edf	.
mindskin_s34_2024-04-20T00-20-19[+0100]	/Users/ellajadealex/Desktop/Mind_Skin_Dissertation/Dreem/data/raw/MS34/Visit_1/DREEM_MS34_20240420_0020_0938_red/edf/mindskin_s34_2024-04-20T00-20-19[+0100].edf	.
mindskin_s34_2024-04-21T00-18-10[+0100]	/Users/ellajadealex/Desktop/Mind_Skin_Dissertation/Dreem/data/raw/MS34/Visit_1/DREEM_MS34_20240421_0018_0937_red/edf/mindskin_s34_2024-04-21T00-18-10[+0100].edf	.
mindskin_s34_2024-04-21T23-09-04[+0100]	/Users/ellajadealex/Desktop/Mind_Skin_Dissertation/Dreem/data/raw/MS34/Visit_1/DREEM_MS34_20240421_2309_20240422_0719_red/edf/mindskin_s34_2024-04-21T23-09-04[+0100].edf	.
mindskin_s34_2024-04-23T00-15-00[+0100]	/Users/ellajadealex/Desktop/Mind_Skin_Dissertation/Dreem/data/raw/MS34/Visit_1/DREEM_MS34_20240423_0015_0721_red/edf/mindskin_s34_2024-04-23T00-15-00[+0100].edf	.
mindskin_s34_2024-04-24T00-08-14[+0100]	/Users/ellajadealex/Desktop/Mind_Skin_Dissertation/Dreem/data/raw/MS34/Visit_1/DREEM_MS34_20240424_0008_0749_red/edf/mindskin_s34_2024-04-24T00-08-14[+0100].edf	.
mindskin_s34_2024-04-24T23-55-15[+0100]	/Users/ellajadealex/Desktop/Mind_Skin_Dissertation/Dreem/data/raw/MS34/Visit_1/DREEM_MS34_20240424_2355_20240425_0724_red/edf/mindskin_s34_2024-04-24T23-55-15[+0100].edf	.
mindskin_s34_2024-04-25T23-25-10[+0100]	/Users/ellajadealex/Desktop/Mind_Skin_Dissertation/Dreem/data/raw/MS34/Visit_1/DREEM_MS34_20240425_2325_20240426_0700_red/edf/mindskin_s34_2024-04-25T23-25-10[+0100].edf	.
mindskin_s34_2024-04-26T23-51-59[+0100]	/Users/ellajadealex/Desktop/Mind_Skin_Dissertation/Dreem/data/raw/MS34/Visit_1/DREEM_MS34_20240426_2351_20240427_0957/edf/mindskin_s34_2024-04-26T23-51-59[+0100].edf	.
mindskin_s34_2024-08-30T01-03-19[+0100]	/Users/ellajadealex/Desktop/Mind_Skin_Dissertation/Dreem/data/raw/MS34/Visit_2/DREEM_MS34_20240830_0103_0849_red/edf/mindskin_s34_2024-08-30T01-03-19[+0100].edf	.
mindskin_s34_2024-08-30T23-05-44[+0100]	/Users/ellajadealex/Desktop/Mind_Skin_Dissertation/Dreem/data/raw/MS34/Visit_2/DREEM_MS34_20240830_2305_20240831_1039_red/edf/mindskin_s34_2024-08-30T23-05-44[+0100].edf	.
mindskin_s34_2024-09-01T00-02-19[+0100]	/Users/ellajadealex/Desktop/Mind_Skin_Dissertation/Dreem/data/raw/MS34/Visit_2/DREEM_MS34_20240901_0002_0841_red/edf/mindskin_s34_2024-09-01T00-02-19[+0100].edf	.
mindskin_s34_2024-09-01T23-38-34[+0100]	/Users/ellajadealex/Desktop/Mind_Skin_Dissertation/Dreem/data/raw/MS34/Visit_2/DREEM_MS34_20240901_2338_20240902_0857_red/edf/mindskin_s34_2024-09-01T23-38-34[+0100].edf	.
mindskin_s34_2024-09-03T01-42-23[+0100]	/Users/ellajadealex/Desktop/Mind_Skin_Dissertation/Dreem/data/raw/MS34/Visit_2/DREEM_MS34_20240903_0142_1245_red/edf/mindskin_s34_2024-09-03T01-42-23[+0100].edf	.
mindskin_s34_2024-09-04T00-17-21[+0100]	/Users/ellajadealex/Desktop/Mind_Skin_Dissertation/Dreem/data/raw/MS34/Visit_2/DREEM_MS34_20240904_0017_0756_red/edf/mindskin_s34_2024-09-04T00-17-21[+0100].edf	.
mindskin_s34_2024-09-05T00-09-57[+0100]	/Users/ellajadealex/Desktop/Mind_Skin_Dissertation/Dreem/data/raw/MS34/Visit_2/DREEM_MS34_20240905_0009_0700_red/edf/mindskin_s34_2024-09-05T00-09-57[+0100].edf	.
mindskin_s34_2024-09-06T02-06-11[+0100]	/Users/ellajadealex/Desktop/Mind_Skin_Dissertation/Dreem/data/raw/MS34/Visit_2/DREEM_MS34_20240906_0206_1552_red/edf/mindskin_s34_2024-09-06T02-06-11[+0100].edf	.
mindskin_s34_2024-09-07T00-54-47[+0100]	/Users/ellajadealex/Desktop/Mind_Skin_Dissertation/Dreem/data/raw/MS34/Visit_2/DREEM_MS34_20240907_0054_0827_red/edf/mindskin_s34_2024-09-07T00-54-47[+0100].edf	.
mindskin_s34_2024-09-08T01-21-20[+0100]	/Users/ellajadealex/Desktop/Mind_Skin_Dissertation/Dreem/data/raw/MS34/Visit_2/DREEM_MS34_20240908_0121_0957_red/edf/mindskin_s34_2024-09-08T01-21-20[+0100].edf	.
mindskin_s35_2024-07-25T23-36-00[+0100]	/Users/ellajadealex/Desktop/Mind_Skin_Dissertation/Dreem/data/raw/MS35/Visit_1/DREEM_MS35_20240725_2336_20240726_0940_red/edf/mindskin_s35_2024-07-25T23-36-00[+0100].edf	.
mindskin_s35_2024-07-26T22-48-49[+0100]	/Users/ellajadealex/Desktop/Mind_Skin_Dissertation/Dreem/data/raw/MS35/Visit_1/DREEM_MS35_20240726_2248_20240727_0816_red/edf/mindskin_s35_2024-07-26T22-48-49[+0100].edf	.
mindskin_s35_2024-07-27T23-50-05[+0100]	/Users/ellajadealex/Desktop/Mind_Skin_Dissertation/Dreem/data/raw/MS35/Visit_1/DREEM_MS35_20240727_2350_20240728_1945_red/edf/mindskin_s35_2024-07-27T23-50-05[+0100].edf	.
mindskin_s35_2024-07-28T22-48-06[+0100]	/Users/ellajadealex/Desktop/Mind_Skin_Dissertation/Dreem/data/raw/MS35/Visit_1/DREEM_MS35_20240728_2248_20240729_0811_red/edf/mindskin_s35_2024-07-28T22-48-06[+0100].edf	.
mindskin_s35_2024-07-29T22-59-08[+0100]	/Users/ellajadealex/Desktop/Mind_Skin_Dissertation/Dreem/data/raw/MS35/Visit_1/DREEM_MS35_20240729_2259_20240730_0843_red/edf/mindskin_s35_2024-07-29T22-59-08[+0100].edf	.
mindskin_s35_2024-07-30T22-33-04[+0100]	/Users/ellajadealex/Desktop/Mind_Skin_Dissertation/Dreem/data/raw/MS35/Visit_1/DREEM_MS35_20240730_2233_20240731_0753_red/edf/mindskin_s35_2024-07-30T22-33-04[+0100].edf	.
mindskin_s35_2024-07-31T22-20-12[+0100]	/Users/ellajadealex/Desktop/Mind_Skin_Dissertation/Dreem/data/raw/MS35/Visit_1/DREEM_MS35_20240731_2220_20240801_2211_red/edf/mindskin_s35_2024-07-31T22-20-12[+0100].edf	.
mindskin_s35_2024-08-01T22-19-48[+0100]	/Users/ellajadealex/Desktop/Mind_Skin_Dissertation/Dreem/data/raw/MS35/Visit_1/DREEM_MS35_20240801_2219_20240802_0721/edf/mindskin_s35_2024-08-01T22-19-48[+0100].edf	.
mindskin_s35_2024-08-02T23-29-46[+0100]	/Users/ellajadealex/Desktop/Mind_Skin_Dissertation/Dreem/data/raw/MS35/Visit_1/DREEM_MS35_20240802_2329_20240803_0912_red/edf/mindskin_s35_2024-08-02T23-29-46[+0100].edf	.
mindskin_s35_2024-08-03T23-50-01[+0100]	/Users/ellajadealex/Desktop/Mind_Skin_Dissertation/Dreem/data/raw/MS35/Visit_1/DREEM_MS35_20240803_2350_20240804_0820/edf/mindskin_s35_2024-08-03T23-50-01[+0100].edf	.
mindskin_s36_2024-07-26T00-58-19[+0100]	/Users/ellajadealex/Desktop/Mind_Skin_Dissertation/Dreem/data/raw/MS36/Visit_1/DREEM_MS36_20240726_0058_20240726_0927_red/edf/mindskin_s36_2024-07-26T00-58-19[+0100].edf	.
mindskin_s36_2024-07-27T01-15-37[+0100]	/Users/ellajadealex/Desktop/Mind_Skin_Dissertation/Dreem/data/raw/MS36/Visit_1/DREEM_MS36_20240727_0115_20240727_0845/edf/mindskin_s36_2024-07-27T01-15-37[+0100].edf	.
mindskin_s36_2024-07-28T02-58-31[+0100]	/Users/ellajadealex/Desktop/Mind_Skin_Dissertation/Dreem/data/raw/MS36/Visit_1/DREEM_MS36_20240728_0258_20240728_1106/edf/mindskin_s36_2024-07-28T02-58-31[+0100].edf	.
mindskin_s36_2024-07-29T00-56-29[+0100]	/Users/ellajadealex/Desktop/Mind_Skin_Dissertation/Dreem/data/raw/MS36/Visit_1/DREEM_MS36_20240729_0056_20240729_0855/edf/mindskin_s36_2024-07-29T00-56-29[+0100].edf	.
mindskin_s36_2024-07-30T00-49-22[+0100]	/Users/ellajadealex/Desktop/Mind_Skin_Dissertation/Dreem/data/raw/MS36/Visit_1/DREEM_MS36_20240730_0049_20240730_1112/edf/mindskin_s36_2024-07-30T00-49-22[+0100].edf	.
mindskin_s36_2024-07-31T01-04-03[+0100]	/Users/ellajadealex/Desktop/Mind_Skin_Dissertation/Dreem/data/raw/MS36/Visit_1/DREEM_MS36_20240731_0104_20240731_0942/edf/mindskin_s36_2024-07-31T01-04-03[+0100].edf	.
mindskin_s36_2024-08-01T02-36-59[+0100]	/Users/ellajadealex/Desktop/Mind_Skin_Dissertation/Dreem/data/raw/MS36/Visit_1/DREEM_MS36_20240801_0236_20240801_1035/edf/mindskin_s36_2024-08-01T02-36-59[+0100].edf	.
mindskin_s36_2024-08-02T01-18-49[+0100]	/Users/ellajadealex/Desktop/Mind_Skin_Dissertation/Dreem/data/raw/MS36/Visit_1/DREEM_MS36_20240802_0118_20240802_1042/edf/mindskin_s36_2024-08-02T01-18-49[+0100].edf	.
mindskin_s36_2024-08-03T01-33-00[+0100]	/Users/ellajadealex/Desktop/Mind_Skin_Dissertation/Dreem/data/raw/MS36/Visit_1/DREEM_MS36_20240803_0133_20240803_0910/edf/mindskin_s36_2024-08-03T01-33-00[+0100].edf	.
mindskin_s36_2024-08-04T02-02-42[+0100]	/Users/ellajadealex/Desktop/Mind_Skin_Dissertation/Dreem/data/raw/MS36/Visit_1/DREEM_MS36_20240804_0202_20240804_1053/edf/mindskin_s36_2024-08-04T02-02-42[+0100].edf	.
mindskin_s39_2024-09-18T21-53-06[+0100]	/Users/ellajadealex/Desktop/Mind_Skin_Dissertation/Dreem/data/raw/MS39/Visit_1/DREEM_MS39_20240918_2153_20240920_0244_red/edf/mindskin_s39_2024-09-18T21-53-06[+0100].edf	.
mindskin_s39_2024-09-20T22-20-53[+0100]	/Users/ellajadealex/Desktop/Mind_Skin_Dissertation/Dreem/data/raw/MS39/Visit_1/DREEM_MS39_20240920_2220_20240921_0716_red/edf/mindskin_s39_2024-09-20T22-20-53[+0100].edf	.
mindskin_s39_2024-09-21T21-58-21[+0100]	/Users/ellajadealex/Desktop/Mind_Skin_Dissertation/Dreem/data/raw/MS39/Visit_1/DREEM_MS39_20240921_2158_20240922_0823_red/edf/mindskin_s39_2024-09-21T21-58-21[+0100].edf	.
mindskin_s39_2024-09-23T23-20-07[+0100]	/Users/ellajadealex/Desktop/Mind_Skin_Dissertation/Dreem/data/raw/MS39/Visit_1/DREEM_MS39_20240923_2320_20240924_0451_red/edf/mindskin_s39_2024-09-23T23-20-07[+0100].edf	.
mindskin_s39_2024-09-24T23-27-41[+0100]	/Users/ellajadealex/Desktop/Mind_Skin_Dissertation/Dreem/data/raw/MS39/Visit_1/DREEM_MS39_20240924_2327_20240925_0659_red/edf/mindskin_s39_2024-09-24T23-27-41[+0100].edf	.
mindskin_s39_2024-09-25T21-45-44[+0100]	/Users/ellajadealex/Desktop/Mind_Skin_Dissertation/Dreem/data/raw/MS39/Visit_1/DREEM_MS39_20240925_2145_20240926_0810_red/edf/mindskin_s39_2024-09-25T21-45-44[+0100].edf	.
mindskin_s39_2024-09-27T01-01-12[+0100]	/Users/ellajadealex/Desktop/Mind_Skin_Dissertation/Dreem/data/raw/MS39/Visit_1/DREEM_MS39_20240927_0101_20240927_2224_red/edf/mindskin_s39_2024-09-27T01-01-12[+0100].edf	.
mindskin_s39_2024-09-28T00-00-54[+0100]	/Users/ellajadealex/Desktop/Mind_Skin_Dissertation/Dreem/data/raw/MS39/Visit_1/DREEM_MS39_20240928_0000_20240928_1625_red/edf/mindskin_s39_2024-09-28T00-00-54[+0100].edf	.
mindskin_s39_2024-09-28T23-49-23[+0100]	/Users/ellajadealex/Desktop/Mind_Skin_Dissertation/Dreem/data/raw/MS39/Visit_1/DREEM_MS39_20240928_2349_20240929_0400_red/edf/mindskin_s39_2024-09-28T23-49-23[+0100].edf	.
mindskin_s40_2024-09-25T22-37-53[+0100]	/Users/ellajadealex/Desktop/Mind_Skin_Dissertation/Dreem/data/raw/MS40/Visit_1/DREEM_MS40_20240925_2237_20240926_0712/edf/mindskin_s40_2024-09-25T22-37-53[+0100].edf	.
mindskin_s40_2024-09-30T22-49-54[+0100]	/Users/ellajadealex/Desktop/Mind_Skin_Dissertation/Dreem/data/raw/MS40/Visit_1/DREEM_MS40_20240930_2249_20241001_2218_red/edf/mindskin_s40_2024-09-30T22-49-54[+0100].edf	.
mindskin_s40_2024-10-01T23-07-35[+0100]	/Users/ellajadealex/Desktop/Mind_Skin_Dissertation/Dreem/data/raw/MS40/Visit_1/DREEM_MS40_20241001_2307_20241002_0724/edf/mindskin_s40_2024-10-01T23-07-35[+0100].edf	.
mindskin_s40_2024-10-02T21-15-42[+0100]	/Users/ellajadealex/Desktop/Mind_Skin_Dissertation/Dreem/data/raw/MS40/Visit_1/DREEM_MS40_20241002_2115_20241003_1122_red/edf/mindskin_s40_2024-10-02T21-15-42[+0100].edf	.
mindskin_s40_2024-10-03T23-11-02[+0100]	/Users/ellajadealex/Desktop/Mind_Skin_Dissertation/Dreem/data/raw/MS40/Visit_1/DREEM_MS40_20241003_2311_20241004_1716_red/edf/mindskin_s40_2024-10-03T23-11-02[+0100].edf	.
mindskin_s40_2024-10-04T22-44-28[+0100]	/Users/ellajadealex/Desktop/Mind_Skin_Dissertation/Dreem/data/raw/MS40/Visit_1/DREEM_MS40_20241004_2244_20241005_0730/edf/mindskin_s40_2024-10-04T22-44-28[+0100].edf	.
mindskin_s40_2024-10-06T01-16-45[+0100]	/Users/ellajadealex/Desktop/Mind_Skin_Dissertation/Dreem/data/raw/MS40/Visit_1/DREEM_MS40_20241006_0116_20241006_0730/edf/mindskin_s40_2024-10-06T01-16-45[+0100].edf	.
mindskin_s40_2024-10-06T23-03-59[+0100]	/Users/ellajadealex/Desktop/Mind_Skin_Dissertation/Dreem/data/raw/MS40/Visit_1/DREEM_MS40_20241006_2303_20241007_0736_red/edf/mindskin_s40_2024-10-06T23-03-59[+0100].edf	.
